mode: set
godex/examples/basic/main.go:13.13,15.16 2 0
godex/examples/basic/main.go:15.16,16.13 1 0
godex/examples/basic/main.go:18.2,19.16 2 0
godex/examples/basic/main.go:19.16,20.13 1 0
godex/examples/basic/main.go:23.2,37.16 6 0
godex/examples/basic/main.go:37.16,38.13 1 0
godex/examples/basic/main.go:40.2,40.23 1 0
godex/cmd/godex/handler.go:15.94,16.22 1 0
godex/cmd/godex/handler.go:16.22,18.3 1 0
godex/cmd/godex/handler.go:19.2,20.9 2 0
godex/cmd/godex/handler.go:20.9,22.3 1 0
godex/cmd/godex/handler.go:23.2,23.20 1 0
godex/cmd/godex/handler.go:23.20,25.3 1 0
godex/cmd/godex/handler.go:26.2,26.17 1 0
godex/cmd/godex/handler.go:29.66,31.28 2 0
godex/cmd/godex/handler.go:31.28,33.43 2 0
godex/cmd/godex/handler.go:33.43,35.4 1 0
godex/cmd/godex/handler.go:36.3,36.43 1 0
godex/cmd/godex/handler.go:38.2,38.21 1 0
godex/cmd/godex/main.go:31.37,31.69 1 0
godex/cmd/godex/main.go:32.41,35.2 2 0
godex/cmd/godex/main.go:37.39,37.71 1 0
godex/cmd/godex/main.go:38.43,41.2 2 0
godex/cmd/godex/main.go:45.13,46.22 1 0
godex/cmd/godex/main.go:46.22,49.3 2 0
godex/cmd/godex/main.go:50.2,50.20 1 0
godex/cmd/godex/main.go:51.36,53.9 2 0
godex/cmd/godex/main.go:54.14,55.46 1 0
godex/cmd/godex/main.go:55.46,58.4 2 0
godex/cmd/godex/main.go:59.15,60.47 1 0
godex/cmd/godex/main.go:60.47,63.4 2 0
godex/cmd/godex/main.go:64.15,65.47 1 0
godex/cmd/godex/main.go:65.47,68.4 2 0
godex/cmd/godex/main.go:69.14,70.46 1 0
godex/cmd/godex/main.go:70.46,73.4 2 0
godex/cmd/godex/main.go:74.10,76.13 2 0
godex/cmd/godex/main.go:80.35,129.39 45 0
godex/cmd/godex/main.go:129.39,131.3 1 0
godex/cmd/godex/main.go:132.2,133.75 2 0
godex/cmd/godex/main.go:133.75,135.3 1 0
godex/cmd/godex/main.go:137.2,137.82 1 0
godex/cmd/godex/main.go:137.82,139.3 1 0
godex/cmd/godex/main.go:140.2,141.39 2 0
godex/cmd/godex/main.go:141.39,144.17 3 0
godex/cmd/godex/main.go:144.17,146.4 1 0
godex/cmd/godex/main.go:148.2,149.16 2 0
godex/cmd/godex/main.go:149.16,151.3 1 0
godex/cmd/godex/main.go:153.2,153.40 1 0
godex/cmd/godex/main.go:153.40,155.17 2 0
godex/cmd/godex/main.go:155.17,157.4 1 0
godex/cmd/godex/main.go:160.2,161.16 2 0
godex/cmd/godex/main.go:161.16,163.3 1 0
godex/cmd/godex/main.go:164.2,164.15 1 0
godex/cmd/godex/main.go:164.15,166.3 1 0
godex/cmd/godex/main.go:168.2,168.87 1 0
godex/cmd/godex/main.go:168.87,170.3 1 0
godex/cmd/godex/main.go:171.2,171.43 1 0
godex/cmd/godex/main.go:171.43,173.3 1 0
godex/cmd/godex/main.go:174.2,174.49 1 0
godex/cmd/godex/main.go:174.49,176.3 1 0
godex/cmd/godex/main.go:178.2,179.40 2 0
godex/cmd/godex/main.go:179.40,181.17 2 0
godex/cmd/godex/main.go:181.17,183.4 1 0
godex/cmd/godex/main.go:184.3,184.58 1 0
godex/cmd/godex/main.go:184.58,186.4 1 0
godex/cmd/godex/main.go:189.2,202.23 2 0
godex/cmd/godex/main.go:202.23,203.68 1 0
godex/cmd/godex/main.go:203.68,205.4 1 0
godex/cmd/godex/main.go:208.2,208.10 1 0
godex/cmd/godex/main.go:208.10,210.3 1 0
godex/cmd/godex/main.go:212.2,225.15 4 0
godex/cmd/godex/main.go:225.15,227.17 2 0
godex/cmd/godex/main.go:227.17,229.4 1 0
godex/cmd/godex/main.go:230.3,232.17 3 0
godex/cmd/godex/main.go:232.17,234.4 1 0
godex/cmd/godex/main.go:235.3,235.16 1 0
godex/cmd/godex/main.go:235.16,237.4 1 0
godex/cmd/godex/main.go:238.3,238.13 1 0
godex/cmd/godex/main.go:241.2,242.63 2 0
godex/cmd/godex/main.go:242.63,244.25 2 0
godex/cmd/godex/main.go:244.25,245.99 1 0
godex/cmd/godex/main.go:245.99,248.5 2 0
godex/cmd/godex/main.go:250.3,250.15 1 0
godex/cmd/godex/main.go:250.15,251.25 1 0
godex/cmd/godex/main.go:252.17,254.22 2 0
godex/cmd/godex/main.go:254.22,256.6 1 0
godex/cmd/godex/main.go:257.5,263.15 4 0
godex/cmd/godex/main.go:264.37,265.70 1 0
godex/cmd/godex/main.go:265.70,266.39 1 0
godex/cmd/godex/main.go:266.39,268.7 1 0
godex/cmd/godex/main.go:269.6,271.16 3 0
godex/cmd/godex/main.go:274.4,275.14 2 0
godex/cmd/godex/main.go:277.3,277.12 1 0
godex/cmd/godex/main.go:277.12,279.4 1 0
godex/cmd/godex/main.go:280.3,280.24 1 0
godex/cmd/godex/main.go:281.37,282.29 1 0
godex/cmd/godex/main.go:283.38,284.67 1 0
godex/cmd/godex/main.go:284.67,286.5 1 0
godex/cmd/godex/main.go:288.3,288.13 1 0
godex/cmd/godex/main.go:292.54,299.54 2 0
godex/cmd/godex/main.go:299.54,301.3 1 0
godex/cmd/godex/main.go:302.2,302.46 1 0
godex/cmd/godex/main.go:302.46,304.3 1 0
godex/cmd/godex/main.go:305.2,305.52 1 0
godex/cmd/godex/main.go:305.52,307.3 1 0
godex/cmd/godex/main.go:308.2,308.11 1 0
godex/cmd/godex/main.go:311.48,313.18 2 0
godex/cmd/godex/main.go:313.18,315.3 1 0
godex/cmd/godex/main.go:316.2,316.15 1 0
godex/cmd/godex/main.go:319.107,321.16 2 0
godex/cmd/godex/main.go:321.16,323.3 1 0
godex/cmd/godex/main.go:325.2,344.14 4 0
godex/cmd/godex/main.go:345.14,346.62 1 0
godex/cmd/godex/main.go:346.62,351.4 1 0
godex/cmd/godex/main.go:352.19,378.4 1 0
godex/cmd/godex/main.go:379.19,409.4 1 0
godex/cmd/godex/main.go:410.10,413.46 3 0
godex/cmd/godex/main.go:413.46,418.4 1 0
godex/cmd/godex/main.go:421.2,423.28 2 0
godex/cmd/godex/main.go:423.28,425.25 2 0
godex/cmd/godex/main.go:425.25,426.99 1 0
godex/cmd/godex/main.go:426.99,429.5 2 0
godex/cmd/godex/main.go:431.3,431.15 1 0
godex/cmd/godex/main.go:431.15,433.4 1 0
godex/cmd/godex/main.go:433.9,433.56 1 0
godex/cmd/godex/main.go:433.56,435.4 1 0
godex/cmd/godex/main.go:437.2,437.12 1 0
godex/cmd/godex/main.go:440.48,441.15 1 0
godex/cmd/godex/main.go:441.15,443.3 1 0
godex/cmd/godex/main.go:444.2,445.23 2 0
godex/cmd/godex/main.go:445.23,448.3 2 0
godex/cmd/godex/main.go:449.2,449.16 1 0
godex/cmd/godex/main.go:449.16,451.3 1 0
godex/cmd/godex/main.go:452.2,452.12 1 0
godex/cmd/godex/main.go:455.66,456.21 1 0
godex/cmd/godex/main.go:456.21,458.3 1 0
godex/cmd/godex/main.go:459.2,460.28 2 0
godex/cmd/godex/main.go:460.28,461.26 1 0
godex/cmd/godex/main.go:461.26,463.12 2 0
godex/cmd/godex/main.go:465.3,466.76 2 0
godex/cmd/godex/main.go:466.76,468.4 1 0
godex/cmd/godex/main.go:469.3,470.17 2 0
godex/cmd/godex/main.go:470.17,472.4 1 0
godex/cmd/godex/main.go:473.3,474.57 2 0
godex/cmd/godex/main.go:474.57,476.4 1 0
godex/cmd/godex/main.go:477.3,482.5 1 0
godex/cmd/godex/main.go:484.2,484.19 1 0
godex/cmd/godex/main.go:487.37,489.43 2 0
godex/cmd/godex/main.go:489.43,491.3 1 0
godex/cmd/godex/main.go:492.2,495.50 3 0
godex/cmd/godex/main.go:498.36,499.19 1 0
godex/cmd/godex/main.go:499.19,500.18 1 0
godex/cmd/godex/main.go:501.15,502.33 1 0
godex/cmd/godex/main.go:503.16,504.34 1 0
godex/cmd/godex/main.go:508.2,564.39 53 0
godex/cmd/godex/main.go:564.39,566.3 1 0
godex/cmd/godex/main.go:567.2,569.39 2 0
godex/cmd/godex/main.go:569.39,571.3 1 0
godex/cmd/godex/main.go:572.2,573.16 2 0
godex/cmd/godex/main.go:573.16,575.3 1 0
godex/cmd/godex/main.go:576.2,577.42 2 0
godex/cmd/godex/main.go:577.42,579.17 2 0
godex/cmd/godex/main.go:579.17,581.4 1 0
godex/cmd/godex/main.go:584.2,591.37 3 0
godex/cmd/godex/main.go:591.37,593.3 1 0
godex/cmd/godex/main.go:594.2,640.28 2 0
godex/cmd/godex/main.go:643.40,644.20 1 0
godex/cmd/godex/main.go:644.20,646.3 1 0
godex/cmd/godex/main.go:647.2,660.43 13 0
godex/cmd/godex/main.go:660.43,662.3 1 0
godex/cmd/godex/main.go:663.2,666.16 3 0
godex/cmd/godex/main.go:666.16,668.3 1 0
godex/cmd/godex/main.go:670.2,670.13 1 0
godex/cmd/godex/main.go:671.13,673.42 2 0
godex/cmd/godex/main.go:673.42,675.18 2 0
godex/cmd/godex/main.go:675.18,677.5 1 0
godex/cmd/godex/main.go:678.4,678.11 1 0
godex/cmd/godex/main.go:680.3,681.17 2 0
godex/cmd/godex/main.go:681.17,683.4 1 0
godex/cmd/godex/main.go:684.3,684.67 1 0
godex/cmd/godex/main.go:685.14,686.36 1 0
godex/cmd/godex/main.go:686.36,688.28 2 0
godex/cmd/godex/main.go:688.28,690.5 1 0
godex/cmd/godex/main.go:691.4,692.28 2 0
godex/cmd/godex/main.go:692.28,694.5 1 0
godex/cmd/godex/main.go:695.4,695.161 1 0
godex/cmd/godex/main.go:697.16,698.26 1 0
godex/cmd/godex/main.go:698.26,700.4 1 0
godex/cmd/godex/main.go:701.3,701.47 1 0
godex/cmd/godex/main.go:701.47,703.4 1 0
godex/cmd/godex/main.go:704.3,704.25 1 0
godex/cmd/godex/main.go:705.16,706.26 1 0
godex/cmd/godex/main.go:706.26,708.4 1 0
godex/cmd/godex/main.go:709.3,710.42 2 0
godex/cmd/godex/main.go:710.42,712.18 2 0
godex/cmd/godex/main.go:712.18,714.5 1 0
godex/cmd/godex/main.go:715.4,715.11 1 0
godex/cmd/godex/main.go:717.3,718.17 2 0
godex/cmd/godex/main.go:718.17,720.4 1 0
godex/cmd/godex/main.go:721.3,721.116 1 0
godex/cmd/godex/main.go:722.16,723.26 1 0
godex/cmd/godex/main.go:723.26,725.4 1 0
godex/cmd/godex/main.go:726.3,727.17 2 0
godex/cmd/godex/main.go:727.17,729.4 1 0
godex/cmd/godex/main.go:730.3,730.67 1 0
godex/cmd/godex/main.go:731.10,732.59 1 0
godex/cmd/godex/main.go:734.2,734.12 1 0
godex/cmd/godex/main.go:737.41,738.20 1 0
godex/cmd/godex/main.go:738.20,740.3 1 0
godex/cmd/godex/main.go:741.2,750.43 9 0
godex/cmd/godex/main.go:750.43,752.3 1 0
godex/cmd/godex/main.go:753.2,755.40 3 0
godex/cmd/godex/main.go:755.40,757.17 2 0
godex/cmd/godex/main.go:757.17,759.4 1 0
godex/cmd/godex/main.go:760.3,760.12 1 0
godex/cmd/godex/main.go:762.2,762.37 1 0
godex/cmd/godex/main.go:762.37,763.61 1 0
godex/cmd/godex/main.go:763.61,765.4 1 0
godex/cmd/godex/main.go:766.3,766.38 1 0
godex/cmd/godex/main.go:766.38,768.4 1 0
godex/cmd/godex/main.go:770.2,771.16 2 0
godex/cmd/godex/main.go:771.16,773.3 1 0
godex/cmd/godex/main.go:774.2,774.19 1 0
godex/cmd/godex/main.go:774.19,776.26 2 0
godex/cmd/godex/main.go:776.26,778.4 1 0
godex/cmd/godex/main.go:779.3,779.13 1 0
godex/cmd/godex/main.go:781.2,781.19 1 0
godex/cmd/godex/main.go:781.19,783.21 2 0
godex/cmd/godex/main.go:783.21,786.4 2 0
godex/cmd/godex/main.go:787.3,789.13 3 0
godex/cmd/godex/main.go:791.2,791.20 1 0
godex/cmd/godex/main.go:791.20,792.38 1 0
godex/cmd/godex/main.go:792.38,793.27 1 0
godex/cmd/godex/main.go:793.27,795.5 1 0
godex/cmd/godex/main.go:796.4,796.25 1 0
godex/cmd/godex/main.go:798.3,801.13 4 0
godex/cmd/godex/main.go:803.2,803.59 1 0
godex/cmd/godex/main.go:806.48,808.15 2 0
godex/cmd/godex/main.go:808.15,810.3 1 0
godex/cmd/godex/main.go:811.2,811.12 1 0
godex/cmd/godex/main.go:814.31,816.15 2 0
godex/cmd/godex/main.go:816.15,818.3 1 0
godex/cmd/godex/main.go:819.2,820.52 2 0
godex/cmd/godex/main.go:823.43,825.15 2 0
godex/cmd/godex/main.go:825.15,827.3 1 0
godex/cmd/godex/main.go:828.2,829.16 2 0
godex/cmd/godex/main.go:829.16,831.3 1 0
godex/cmd/godex/main.go:832.2,832.12 1 0
godex/cmd/godex/main.go:835.49,837.15 2 0
godex/cmd/godex/main.go:837.15,839.3 1 0
godex/cmd/godex/main.go:840.2,841.16 2 0
godex/cmd/godex/main.go:841.16,843.3 1 0
godex/cmd/godex/main.go:844.2,844.12 1 0
godex/cmd/godex/main.go:847.51,848.36 1 0
godex/cmd/godex/main.go:848.36,850.3 1 0
godex/cmd/godex/main.go:851.2,851.14 1 0
godex/cmd/godex/main.go:854.42,855.16 1 0
godex/cmd/godex/main.go:855.16,857.3 1 0
godex/cmd/godex/main.go:858.2,858.14 1 0
godex/cmd/godex/main.go:861.48,862.16 1 0
godex/cmd/godex/main.go:862.16,864.3 1 0
godex/cmd/godex/main.go:865.2,865.14 1 0
godex/cmd/godex/main.go:868.37,869.34 1 0
godex/cmd/godex/main.go:869.34,870.48 1 0
godex/cmd/godex/main.go:870.48,872.4 1 0
godex/cmd/godex/main.go:874.2,874.13 1 0
godex/cmd/godex/main.go:877.47,878.33 1 0
godex/cmd/godex/main.go:878.33,880.42 2 0
godex/cmd/godex/main.go:880.42,882.4 1 0
godex/cmd/godex/main.go:883.3,883.43 1 0
godex/cmd/godex/main.go:883.43,885.4 1 0
godex/cmd/godex/main.go:887.2,887.29 1 0
godex/cmd/godex/main.go:890.36,902.39 9 1
godex/cmd/godex/main.go:902.39,904.3 1 0
godex/cmd/godex/main.go:906.2,906.19 1 1
godex/cmd/godex/main.go:906.19,908.3 1 1
godex/cmd/godex/main.go:909.2,912.18 2 1
godex/cmd/godex/main.go:912.18,914.3 1 1
godex/cmd/godex/main.go:915.2,915.18 1 1
godex/cmd/godex/main.go:915.18,917.3 1 1
godex/cmd/godex/main.go:920.2,924.16 3 1
godex/cmd/godex/main.go:924.16,926.3 1 0
godex/cmd/godex/main.go:927.2,931.16 4 1
godex/cmd/godex/main.go:931.16,933.3 1 0
godex/cmd/godex/main.go:934.2,937.16 3 1
godex/cmd/godex/main.go:937.16,939.3 1 0
godex/cmd/godex/main.go:941.2,941.44 1 1
godex/cmd/godex/main.go:941.44,942.17 1 0
godex/cmd/godex/main.go:942.17,944.4 1 0
godex/cmd/godex/main.go:944.9,946.4 1 0
godex/cmd/godex/main.go:947.3,947.13 1 0
godex/cmd/godex/main.go:950.2,950.38 1 1
godex/cmd/godex/main.go:950.38,952.3 1 0
godex/cmd/godex/main.go:955.2,961.54 2 1
godex/cmd/godex/main.go:961.54,963.3 1 0
godex/cmd/godex/main.go:965.2,965.16 1 1
godex/cmd/godex/main.go:965.16,967.3 1 1
godex/cmd/godex/main.go:967.8,969.25 1 1
godex/cmd/godex/main.go:969.25,971.4 1 1
godex/cmd/godex/main.go:971.9,973.4 1 1
godex/cmd/godex/main.go:974.3,974.27 1 1
godex/cmd/godex/main.go:974.27,976.4 1 1
godex/cmd/godex/main.go:977.3,977.31 1 1
godex/cmd/godex/main.go:977.31,979.4 1 1
godex/cmd/godex/main.go:980.3,980.16 1 1
godex/cmd/godex/main.go:983.2,983.12 1 1
godex/cmd/godex/main.go:986.35,987.20 1 1
godex/cmd/godex/main.go:987.20,989.3 1 1
godex/cmd/godex/main.go:991.2,991.17 1 1
godex/cmd/godex/main.go:992.16,993.25 1 1
godex/cmd/godex/main.go:994.15,995.24 1 0
godex/cmd/godex/main.go:996.10,997.83 1 1
godex/cmd/godex/main.go:1010.28,1024.2 8 1
godex/cmd/godex/main.go:1026.54,1027.23 1 1
godex/cmd/godex/main.go:1027.23,1030.33 3 1
godex/cmd/godex/main.go:1030.33,1031.42 1 0
godex/cmd/godex/main.go:1031.42,1033.5 1 0
godex/cmd/godex/main.go:1033.10,1035.5 1 0
godex/cmd/godex/main.go:1037.8,1039.24 2 0
godex/cmd/godex/main.go:1039.24,1041.4 1 0
godex/cmd/godex/main.go:1042.3,1042.25 1 0
godex/cmd/godex/main.go:1042.25,1044.4 1 0
godex/cmd/godex/main.go:1046.2,1046.15 1 1
godex/cmd/godex/main.go:1049.34,1059.16 5 1
godex/cmd/godex/main.go:1059.16,1060.25 1 1
godex/cmd/godex/main.go:1060.25,1062.4 1 1
godex/cmd/godex/main.go:1062.9,1064.4 1 0
godex/cmd/godex/main.go:1065.3,1065.16 1 1
godex/cmd/godex/main.go:1069.2,1076.52 2 1
godex/cmd/godex/main.go:1076.52,1079.3 2 1
godex/cmd/godex/main.go:1082.2,1082.53 1 1
godex/cmd/godex/main.go:1082.53,1085.3 2 1
godex/cmd/godex/main.go:1088.2,1088.35 1 1
godex/cmd/godex/main.go:1088.35,1091.3 2 1
godex/cmd/godex/main.go:1093.2,1094.15 2 1
godex/cmd/godex/main.go:1097.38,1107.16 5 1
godex/cmd/godex/main.go:1107.16,1108.25 1 1
godex/cmd/godex/main.go:1108.25,1110.4 1 1
godex/cmd/godex/main.go:1110.9,1112.4 1 0
godex/cmd/godex/main.go:1113.3,1113.16 1 1
godex/cmd/godex/main.go:1116.2,1122.53 2 1
godex/cmd/godex/main.go:1122.53,1125.3 2 1
godex/cmd/godex/main.go:1127.2,1127.43 1 1
godex/cmd/godex/main.go:1127.43,1130.3 2 1
godex/cmd/godex/main.go:1132.2,1133.39 2 1
godex/cmd/godex/main.go:1133.39,1136.3 1 1
godex/cmd/godex/main.go:1137.2,1137.15 1 1
godex/cmd/godex/main.go:1140.27,1151.19 7 0
godex/cmd/godex/main.go:1151.19,1156.3 4 0
godex/cmd/godex/main.go:1159.2,1159.29 1 0
godex/cmd/godex/main.go:1159.29,1173.61 13 0
godex/cmd/godex/main.go:1173.61,1181.36 8 0
godex/cmd/godex/main.go:1181.36,1184.5 2 0
godex/cmd/godex/main.go:1184.10,1187.5 2 0
godex/cmd/godex/main.go:1189.3,1189.16 1 0
godex/cmd/godex/main.go:1190.8,1193.3 2 0
godex/cmd/godex/main.go:1195.2,1195.33 1 0
godex/cmd/godex/main.go:1195.33,1209.68 13 0
godex/cmd/godex/main.go:1209.68,1217.36 8 0
godex/cmd/godex/main.go:1217.36,1220.5 2 0
godex/cmd/godex/main.go:1220.10,1223.5 2 0
godex/cmd/godex/main.go:1225.3,1225.16 1 0
godex/cmd/godex/main.go:1226.8,1229.3 2 0
godex/cmd/godex/main.go:1232.2,1235.24 4 0
godex/cmd/godex/main.go:1238.38,1244.2 5 0
godex/cmd/godex/main.go:1247.63,1249.2 1 0
godex/cmd/godex/main.go:1251.14,1259.2 7 0
godex/pkg/payments/token_meter.go:18.47,20.2 1 0
godex/pkg/payments/token_meter.go:22.44,24.2 1 0
godex/pkg/payments/token_meter.go:26.163,27.18 1 0
godex/pkg/payments/token_meter.go:27.18,29.3 1 0
godex/pkg/payments/token_meter.go:30.2,33.16 4 0
godex/pkg/payments/token_meter.go:33.16,35.3 1 0
godex/pkg/payments/token_meter.go:36.2,39.57 4 0
godex/pkg/payments/token_meter.go:39.57,41.3 1 0
godex/pkg/payments/token_meter.go:42.2,42.44 1 0
godex/pkg/payments/token_meter.go:45.97,46.18 1 0
godex/pkg/payments/token_meter.go:46.18,48.3 1 0
godex/pkg/payments/token_meter.go:49.2,52.16 4 0
godex/pkg/payments/token_meter.go:52.16,54.3 1 0
godex/pkg/payments/token_meter.go:55.2,57.35 3 0
godex/pkg/payments/token_meter.go:60.79,61.18 1 0
godex/pkg/payments/token_meter.go:61.18,63.3 1 0
godex/pkg/payments/token_meter.go:64.2,65.16 2 0
godex/pkg/payments/token_meter.go:65.16,67.3 1 0
godex/pkg/payments/token_meter.go:68.2,70.35 3 0
godex/pkg/payments/token_meter.go:73.105,76.55 3 0
godex/pkg/payments/token_meter.go:76.55,78.131 2 0
godex/pkg/payments/token_meter.go:78.131,80.4 1 0
godex/pkg/payments/token_meter.go:81.3,81.29 1 0
godex/pkg/payments/token_meter.go:83.2,84.16 2 0
godex/pkg/payments/token_meter.go:84.16,86.3 1 0
godex/pkg/payments/token_meter.go:87.2,88.23 2 0
godex/pkg/payments/token_meter.go:91.91,94.55 3 0
godex/pkg/payments/token_meter.go:94.55,96.131 2 0
godex/pkg/payments/token_meter.go:96.131,98.4 1 0
godex/pkg/payments/token_meter.go:99.3,99.29 1 0
godex/pkg/payments/token_meter.go:101.2,102.16 2 0
godex/pkg/payments/token_meter.go:102.16,104.3 1 0
godex/pkg/payments/token_meter.go:105.2,105.23 1 0
godex/pkg/protocol/types.go:106.49,115.2 1 0
godex/pkg/protocol/types.go:117.74,119.2 1 0
godex/pkg/protocol/types.go:121.71,123.2 1 0
godex/examples/tool-loop/main.go:15.88,16.19 1 0
godex/examples/tool-loop/main.go:17.13,18.18 1 0
godex/examples/tool-loop/main.go:19.10,20.34 1 0
godex/examples/tool-loop/main.go:24.13,26.16 2 0
godex/examples/tool-loop/main.go:26.16,27.13 1 0
godex/examples/tool-loop/main.go:29.2,30.16 2 0
godex/examples/tool-loop/main.go:30.16,31.13 1 0
godex/examples/tool-loop/main.go:34.2,55.16 6 0
godex/examples/tool-loop/main.go:55.16,56.13 1 0
godex/examples/tool-loop/main.go:58.2,58.23 1 0
godex/examples/web-search/main.go:13.13,15.16 2 0
godex/examples/web-search/main.go:15.16,16.13 1 0
godex/examples/web-search/main.go:18.2,19.16 2 0
godex/examples/web-search/main.go:19.16,20.13 1 0
godex/examples/web-search/main.go:23.2,39.16 6 0
godex/examples/web-search/main.go:39.16,40.13 1 0
godex/examples/web-search/main.go:42.2,42.23 1 0
godex/pkg/admin/server.go:34.52,36.2 1 1
godex/pkg/admin/server.go:38.51,39.31 1 1
godex/pkg/admin/server.go:39.31,41.3 1 1
godex/pkg/admin/server.go:42.2,43.16 2 1
godex/pkg/admin/server.go:43.16,45.3 1 1
godex/pkg/admin/server.go:46.2,46.63 1 1
godex/pkg/admin/server.go:46.63,48.3 1 0
godex/pkg/admin/server.go:49.2,51.16 3 1
godex/pkg/admin/server.go:51.16,53.3 1 0
godex/pkg/admin/server.go:54.2,58.12 5 1
godex/pkg/admin/server.go:58.12,63.3 4 1
godex/pkg/admin/server.go:64.2,64.31 1 1
godex/pkg/admin/server.go:67.69,68.33 1 1
godex/pkg/admin/server.go:68.33,71.3 2 1
godex/pkg/admin/server.go:72.2,73.16 2 1
godex/pkg/admin/server.go:73.16,76.3 2 0
godex/pkg/admin/server.go:77.2,81.4 1 1
godex/pkg/admin/server.go:84.75,87.20 3 1
godex/pkg/admin/server.go:87.20,90.3 2 0
godex/pkg/admin/server.go:91.2,93.16 3 1
godex/pkg/admin/server.go:94.16,95.30 1 1
godex/pkg/admin/server.go:96.20,97.33 1 1
godex/pkg/admin/server.go:98.10,99.62 1 1
godex/pkg/admin/server.go:103.85,104.33 1 1
godex/pkg/admin/server.go:104.33,107.3 2 0
godex/pkg/admin/server.go:108.2,112.65 2 1
godex/pkg/admin/server.go:112.65,115.3 2 0
godex/pkg/admin/server.go:116.2,117.56 2 1
godex/pkg/admin/server.go:117.56,119.17 2 1
godex/pkg/admin/server.go:119.17,122.4 2 0
godex/pkg/admin/server.go:123.3,123.15 1 1
godex/pkg/admin/server.go:125.2,126.16 2 1
godex/pkg/admin/server.go:126.16,129.3 2 0
godex/pkg/admin/server.go:130.2,135.4 1 1
godex/pkg/admin/server.go:138.88,139.33 1 1
godex/pkg/admin/server.go:139.33,142.3 2 0
godex/pkg/admin/server.go:143.2,146.65 2 1
godex/pkg/admin/server.go:146.65,149.3 2 0
godex/pkg/admin/server.go:150.2,151.16 2 1
godex/pkg/admin/server.go:151.16,154.3 2 1
godex/pkg/admin/server.go:155.2,158.4 1 1
godex/pkg/admin/server.go:161.61,165.2 3 1
godex/pkg/admin/server.go:167.63,168.16 1 1
godex/pkg/admin/server.go:168.16,171.3 2 0
godex/pkg/admin/server.go:172.2,174.4 1 1
godex/pkg/admin/server.go:177.37,178.34 1 1
godex/pkg/admin/server.go:178.34,179.48 1 1
godex/pkg/admin/server.go:179.48,181.4 1 1
godex/pkg/admin/server.go:183.2,183.13 1 1
godex/pkg/auth/auth.go:50.54,52.20 1 0
godex/pkg/auth/auth.go:52.20,54.3 1 0
godex/pkg/auth/auth.go:55.2,55.20 1 0
godex/pkg/auth/auth.go:55.20,57.52 2 0
godex/pkg/auth/auth.go:57.52,59.4 1 0
godex/pkg/auth/auth.go:60.3,61.13 2 0
godex/pkg/auth/auth.go:64.2,68.51 2 0
godex/pkg/auth/auth.go:68.51,70.3 1 0
godex/pkg/auth/auth.go:71.2,73.12 3 0
godex/pkg/auth/auth.go:87.52,88.34 1 0
godex/pkg/auth/auth.go:88.34,90.3 1 0
godex/pkg/auth/auth.go:91.2,91.39 1 0
godex/pkg/auth/auth.go:91.39,93.3 1 0
godex/pkg/auth/auth.go:94.2,94.36 1 0
godex/pkg/auth/auth.go:94.36,96.3 1 0
godex/pkg/auth/auth.go:99.36,100.59 1 0
godex/pkg/auth/auth.go:100.59,102.3 1 0
godex/pkg/auth/auth.go:103.2,104.16 2 0
godex/pkg/auth/auth.go:104.16,106.3 1 0
godex/pkg/auth/auth.go:107.2,107.56 1 0
godex/pkg/auth/auth.go:110.40,112.16 2 1
godex/pkg/auth/auth.go:112.16,114.3 1 0
godex/pkg/auth/auth.go:115.2,116.48 2 1
godex/pkg/auth/auth.go:116.48,118.3 1 0
godex/pkg/auth/auth.go:119.2,119.22 1 1
godex/pkg/auth/auth.go:119.22,121.3 1 0
godex/pkg/auth/auth.go:122.2,122.41 1 1
godex/pkg/auth/auth.go:125.31,127.2 1 0
godex/pkg/auth/auth.go:129.54,133.2 3 1
godex/pkg/auth/auth.go:135.36,139.2 3 1
godex/pkg/auth/auth.go:141.34,145.2 3 0
godex/pkg/auth/auth.go:147.39,151.2 3 0
godex/pkg/auth/auth.go:153.35,157.2 3 0
godex/pkg/auth/auth.go:159.30,163.2 3 0
godex/pkg/auth/auth.go:165.36,167.16 2 0
godex/pkg/auth/auth.go:167.16,169.3 1 0
godex/pkg/auth/auth.go:170.2,171.57 2 0
godex/pkg/auth/auth.go:171.57,173.3 1 0
godex/pkg/auth/auth.go:174.2,174.12 1 0
godex/pkg/auth/auth.go:177.73,178.24 1 1
godex/pkg/auth/auth.go:178.24,180.3 1 1
godex/pkg/auth/auth.go:182.2,183.31 2 0
godex/pkg/auth/auth.go:183.31,186.3 2 0
godex/pkg/auth/auth.go:187.2,197.16 5 0
godex/pkg/auth/auth.go:197.16,199.3 1 0
godex/pkg/auth/auth.go:201.2,202.15 2 0
godex/pkg/auth/auth.go:202.15,204.3 1 0
godex/pkg/auth/auth.go:205.2,206.16 2 0
godex/pkg/auth/auth.go:206.16,208.3 1 0
godex/pkg/auth/auth.go:209.2,212.16 3 0
godex/pkg/auth/auth.go:212.16,214.3 1 0
godex/pkg/auth/auth.go:215.2,223.63 3 0
godex/pkg/auth/auth.go:223.63,225.3 1 0
godex/pkg/auth/auth.go:226.2,226.53 1 0
godex/pkg/auth/auth.go:226.53,228.19 2 0
godex/pkg/auth/auth.go:228.19,230.4 1 0
godex/pkg/auth/auth.go:231.3,231.52 1 0
godex/pkg/auth/auth.go:233.2,233.26 1 0
godex/pkg/auth/auth.go:233.26,235.3 1 0
godex/pkg/auth/auth.go:237.2,239.27 3 0
godex/pkg/auth/auth.go:239.27,241.3 1 0
godex/pkg/auth/auth.go:242.2,242.22 1 0
godex/pkg/auth/auth.go:242.22,244.3 1 0
godex/pkg/auth/auth.go:245.2,247.16 3 0
godex/pkg/auth/auth.go:247.16,249.3 1 0
godex/pkg/auth/auth.go:250.2,250.12 1 0
godex/pkg/auth/auth.go:253.55,254.20 1 1
godex/pkg/auth/auth.go:255.18,256.21 1 0
godex/pkg/auth/auth.go:256.21,258.4 1 0
godex/pkg/auth/auth.go:259.3,259.23 1 0
godex/pkg/auth/auth.go:260.23,261.33 1 1
godex/pkg/auth/auth.go:261.33,263.4 1 0
godex/pkg/auth/auth.go:264.3,264.35 1 1
godex/pkg/auth/auth.go:265.10,266.33 1 0
godex/pkg/auth/auth.go:266.33,268.4 1 0
godex/pkg/auth/auth.go:269.3,269.21 1 0
godex/pkg/auth/auth.go:269.21,271.4 1 0
godex/pkg/auth/auth.go:272.3,272.24 1 0
godex/pkg/auth/auth.go:276.37,277.30 1 1
godex/pkg/auth/auth.go:277.30,279.3 1 1
godex/pkg/auth/auth.go:280.2,280.42 1 0
godex/pkg/auth/auth.go:283.36,285.2 1 0
godex/pkg/backend/mock.go:23.37,24.25 1 0
godex/pkg/backend/mock.go:24.25,26.3 1 0
godex/pkg/backend/mock.go:27.2,27.22 1 0
godex/pkg/backend/mock.go:30.128,31.18 1 0
godex/pkg/backend/mock.go:31.18,33.3 1 0
godex/pkg/backend/mock.go:36.2,36.29 1 0
godex/pkg/backend/mock.go:36.29,37.37 1 0
godex/pkg/backend/mock.go:37.37,38.38 1 0
godex/pkg/backend/mock.go:38.38,40.5 1 0
godex/pkg/backend/mock.go:42.3,42.13 1 0
godex/pkg/backend/mock.go:46.2,46.22 1 0
godex/pkg/backend/mock.go:46.22,53.37 2 0
godex/pkg/backend/mock.go:53.37,55.4 1 0
godex/pkg/backend/mock.go:59.2,59.33 1 0
godex/pkg/backend/mock.go:59.33,71.37 2 0
godex/pkg/backend/mock.go:71.37,73.4 1 0
godex/pkg/backend/mock.go:75.3,82.37 2 0
godex/pkg/backend/mock.go:82.37,84.4 1 0
godex/pkg/backend/mock.go:88.2,99.20 2 0
godex/pkg/backend/mock.go:102.114,103.18 1 0
godex/pkg/backend/mock.go:103.18,105.3 1 0
godex/pkg/backend/mock.go:107.2,114.8 1 0
godex/pkg/backend/mock.go:118.76,119.18 1 0
godex/pkg/backend/mock.go:119.18,121.3 1 0
godex/pkg/backend/mock.go:122.2,124.8 1 0
godex/pkg/backend/router.go:31.45,36.2 1 1
godex/pkg/backend/router.go:39.51,43.2 3 1
godex/pkg/backend/router.go:47.51,48.62 1 1
godex/pkg/backend/router.go:48.62,50.3 1 1
godex/pkg/backend/router.go:51.2,51.14 1 1
godex/pkg/backend/router.go:56.51,63.55 4 1
godex/pkg/backend/router.go:63.55,64.36 1 1
godex/pkg/backend/router.go:64.36,67.61 2 1
godex/pkg/backend/router.go:67.61,68.45 1 1
godex/pkg/backend/router.go:68.45,70.6 1 1
godex/pkg/backend/router.go:76.2,76.28 1 1
godex/pkg/backend/router.go:76.28,77.48 1 1
godex/pkg/backend/router.go:77.48,79.4 1 1
godex/pkg/backend/router.go:82.2,82.12 1 0
godex/pkg/backend/router.go:86.43,90.2 3 0
godex/pkg/backend/router.go:93.34,97.31 4 0
godex/pkg/backend/router.go:97.31,99.3 1 0
godex/pkg/backend/router.go:100.2,100.14 1 0
godex/pkg/backend/router.go:104.41,117.2 1 1
godex/pkg/backend/router.go:121.76,126.34 4 1
godex/pkg/backend/router.go:126.34,128.36 2 1
godex/pkg/backend/router.go:128.36,130.4 1 1
godex/pkg/backend/router.go:132.2,132.15 1 1
godex/pkg/backend/router.go:136.61,139.34 3 1
godex/pkg/backend/router.go:139.34,141.3 1 1
godex/pkg/backend/router.go:142.2,142.12 1 1
godex/pkg/protocol/types.go:106.49,115.2 1 0
godex/pkg/protocol/types.go:117.74,119.2 1 0
godex/pkg/protocol/types.go:121.71,123.2 1 0
godex/pkg/backend/anthropic/auth.go:28.55,30.50 2 1
godex/pkg/backend/anthropic/auth.go:30.50,33.52 2 0
godex/pkg/backend/anthropic/auth.go:33.52,35.4 1 0
godex/pkg/backend/anthropic/auth.go:36.3,37.17 2 0
godex/pkg/backend/anthropic/auth.go:37.17,39.4 1 0
godex/pkg/backend/anthropic/auth.go:40.3,41.13 2 0
godex/pkg/backend/anthropic/auth.go:43.2,44.12 2 1
godex/pkg/backend/anthropic/auth.go:47.38,49.2 1 1
godex/pkg/backend/anthropic/auth.go:64.45,65.16 1 1
godex/pkg/backend/anthropic/auth.go:65.16,67.3 1 0
godex/pkg/backend/anthropic/auth.go:68.2,68.32 1 1
godex/pkg/backend/anthropic/auth.go:72.35,77.16 4 1
godex/pkg/backend/anthropic/auth.go:77.16,79.3 1 1
godex/pkg/backend/anthropic/auth.go:81.2,82.50 2 1
godex/pkg/backend/anthropic/auth.go:82.50,84.3 1 0
godex/pkg/backend/anthropic/auth.go:86.2,86.29 1 1
godex/pkg/backend/anthropic/auth.go:86.29,88.3 1 0
godex/pkg/backend/anthropic/auth.go:90.2,91.12 2 1
godex/pkg/backend/anthropic/auth.go:95.52,101.18 4 1
godex/pkg/backend/anthropic/auth.go:101.18,102.34 1 0
godex/pkg/backend/anthropic/auth.go:102.34,104.4 1 0
godex/pkg/backend/anthropic/auth.go:105.3,107.17 3 0
godex/pkg/backend/anthropic/auth.go:111.2,111.67 1 1
godex/pkg/backend/anthropic/auth.go:111.67,113.34 1 1
godex/pkg/backend/anthropic/auth.go:113.34,115.4 1 0
godex/pkg/backend/anthropic/auth.go:116.3,121.68 4 1
godex/pkg/backend/anthropic/auth.go:121.68,123.4 1 1
godex/pkg/backend/anthropic/auth.go:126.2,126.31 1 1
godex/pkg/backend/anthropic/auth.go:130.39,134.20 3 1
godex/pkg/backend/anthropic/auth.go:134.20,136.3 1 0
godex/pkg/backend/anthropic/auth.go:137.2,137.72 1 1
godex/pkg/backend/anthropic/auth.go:141.48,145.20 3 1
godex/pkg/backend/anthropic/auth.go:145.20,147.3 1 0
godex/pkg/backend/anthropic/auth.go:148.2,148.33 1 1
godex/pkg/backend/anthropic/client.go:35.39,37.38 2 0
godex/pkg/backend/anthropic/client.go:37.38,39.3 1 0
godex/pkg/backend/anthropic/client.go:41.2,41.31 1 0
godex/pkg/backend/anthropic/client.go:41.31,43.3 1 0
godex/pkg/backend/anthropic/client.go:45.2,48.8 1 0
godex/pkg/backend/anthropic/client.go:52.32,54.2 1 0
godex/pkg/backend/anthropic/client.go:57.123,59.16 2 0
godex/pkg/backend/anthropic/client.go:59.16,61.3 1 0
godex/pkg/backend/anthropic/client.go:63.2,70.16 3 0
godex/pkg/backend/anthropic/client.go:70.16,72.3 1 0
godex/pkg/backend/anthropic/client.go:75.2,81.20 4 0
godex/pkg/backend/anthropic/client.go:81.20,86.32 3 0
godex/pkg/backend/anthropic/client.go:86.32,87.38 1 0
godex/pkg/backend/anthropic/client.go:87.38,89.5 1 0
godex/pkg/backend/anthropic/client.go:93.2,93.37 1 0
godex/pkg/backend/anthropic/client.go:93.37,95.3 1 0
godex/pkg/backend/anthropic/client.go:97.2,97.12 1 0
godex/pkg/backend/anthropic/client.go:101.117,106.62 4 0
godex/pkg/backend/anthropic/client.go:106.62,107.24 1 0
godex/pkg/backend/anthropic/client.go:108.37,109.33 1 0
godex/pkg/backend/anthropic/client.go:111.37,112.69 1 0
godex/pkg/backend/anthropic/client.go:112.69,117.5 1 0
godex/pkg/backend/anthropic/client.go:119.49,120.28 1 0
godex/pkg/backend/anthropic/client.go:120.28,121.52 1 0
godex/pkg/backend/anthropic/client.go:121.52,123.6 1 0
godex/pkg/backend/anthropic/client.go:126.24,127.66 1 0
godex/pkg/backend/anthropic/client.go:127.66,129.5 1 0
godex/pkg/backend/anthropic/client.go:131.3,131.13 1 0
godex/pkg/backend/anthropic/client.go:134.2,134.16 1 0
godex/pkg/backend/anthropic/client.go:134.16,136.3 1 0
godex/pkg/backend/anthropic/client.go:138.2,138.29 1 0
godex/pkg/backend/anthropic/client.go:138.29,140.3 1 0
godex/pkg/backend/anthropic/client.go:141.2,143.20 2 0
godex/pkg/backend/anthropic/client.go:147.79,149.16 2 0
godex/pkg/backend/anthropic/client.go:149.16,151.3 1 0
godex/pkg/backend/anthropic/client.go:153.2,159.16 3 0
godex/pkg/backend/anthropic/client.go:159.16,161.3 1 0
godex/pkg/backend/anthropic/client.go:163.2,164.30 2 0
godex/pkg/backend/anthropic/client.go:164.30,170.3 1 0
godex/pkg/backend/anthropic/client.go:171.2,171.20 1 0
godex/pkg/backend/anthropic/translate.go:14.112,24.33 4 1
godex/pkg/backend/anthropic/translate.go:24.33,25.20 1 1
godex/pkg/backend/anthropic/translate.go:26.18,28.21 2 1
godex/pkg/backend/anthropic/translate.go:29.18,32.7 1 0
godex/pkg/backend/anthropic/translate.go:33.16,36.7 1 1
godex/pkg/backend/anthropic/translate.go:37.21,40.7 1 0
godex/pkg/backend/anthropic/translate.go:43.24,46.28 2 1
godex/pkg/backend/anthropic/translate.go:46.28,48.5 1 1
godex/pkg/backend/anthropic/translate.go:49.4,51.6 1 1
godex/pkg/backend/anthropic/translate.go:53.31,57.6 1 1
godex/pkg/backend/anthropic/translate.go:62.2,62.28 1 1
godex/pkg/backend/anthropic/translate.go:62.28,64.3 1 1
godex/pkg/backend/anthropic/translate.go:65.2,65.26 1 1
godex/pkg/backend/anthropic/translate.go:65.26,67.3 1 1
godex/pkg/backend/anthropic/translate.go:70.2,73.24 2 1
godex/pkg/backend/anthropic/translate.go:73.24,75.17 2 0
godex/pkg/backend/anthropic/translate.go:75.17,77.4 1 0
godex/pkg/backend/anthropic/translate.go:78.3,78.23 1 0
godex/pkg/backend/anthropic/translate.go:82.2,82.26 1 1
godex/pkg/backend/anthropic/translate.go:82.26,84.3 1 0
godex/pkg/backend/anthropic/translate.go:86.2,86.20 1 1
godex/pkg/backend/anthropic/translate.go:90.65,91.27 1 1
godex/pkg/backend/anthropic/translate.go:91.27,92.37 1 1
godex/pkg/backend/anthropic/translate.go:92.37,93.56 1 1
godex/pkg/backend/anthropic/translate.go:93.56,95.5 1 1
godex/pkg/backend/anthropic/translate.go:98.2,98.11 1 0
godex/pkg/backend/anthropic/translate.go:102.84,105.26 2 1
godex/pkg/backend/anthropic/translate.go:105.26,106.27 1 1
godex/pkg/backend/anthropic/translate.go:106.27,107.12 1 0
godex/pkg/backend/anthropic/translate.go:111.3,112.28 2 1
godex/pkg/backend/anthropic/translate.go:112.28,114.67 2 1
godex/pkg/backend/anthropic/translate.go:114.67,116.5 1 0
godex/pkg/backend/anthropic/translate.go:118.4,118.65 1 1
godex/pkg/backend/anthropic/translate.go:118.65,120.5 1 1
godex/pkg/backend/anthropic/translate.go:121.4,121.52 1 1
godex/pkg/backend/anthropic/translate.go:121.52,122.27 1 1
godex/pkg/backend/anthropic/translate.go:122.27,123.33 1 1
godex/pkg/backend/anthropic/translate.go:123.33,125.7 1 1
godex/pkg/backend/anthropic/translate.go:130.3,136.5 1 1
godex/pkg/backend/anthropic/translate.go:139.2,139.20 1 1
godex/pkg/backend/anthropic/translate.go:143.72,144.16 1 1
godex/pkg/backend/anthropic/translate.go:145.14,148.4 1 1
godex/pkg/backend/anthropic/translate.go:149.14,152.4 1 1
godex/pkg/backend/anthropic/translate.go:153.18,156.4 1 1
godex/pkg/backend/anthropic/translate.go:157.10,163.4 1 0
godex/pkg/backend/anthropic/translate.go:168.118,171.35 2 0
godex/pkg/backend/anthropic/translate.go:172.40,174.21 2 0
godex/pkg/backend/anthropic/translate.go:175.15,177.52 1 0
godex/pkg/backend/anthropic/translate.go:178.19,193.6 4 0
godex/pkg/backend/anthropic/translate.go:196.40,198.21 2 0
godex/pkg/backend/anthropic/translate.go:199.21,206.6 2 0
godex/pkg/backend/anthropic/translate.go:207.27,218.6 2 0
godex/pkg/backend/anthropic/translate.go:221.34,226.5 1 0
godex/pkg/backend/anthropic/translate.go:228.35,230.31 1 0
godex/pkg/backend/anthropic/translate.go:230.31,241.4 1 0
godex/pkg/backend/anthropic/translate.go:244.2,244.15 1 0
godex/pkg/protocol/types.go:106.49,115.2 1 0
godex/pkg/protocol/types.go:117.74,119.2 1 0
godex/pkg/protocol/types.go:121.71,123.2 1 0
godex/pkg/backend/codex/client.go:44.78,45.23 1 0
godex/pkg/backend/codex/client.go:45.23,47.3 1 0
godex/pkg/backend/codex/client.go:48.2,48.23 1 0
godex/pkg/backend/codex/client.go:48.23,50.3 1 0
godex/pkg/backend/codex/client.go:51.2,51.26 1 0
godex/pkg/backend/codex/client.go:51.26,53.3 1 0
godex/pkg/backend/codex/client.go:54.2,54.25 1 0
godex/pkg/backend/codex/client.go:54.25,56.3 1 0
godex/pkg/backend/codex/client.go:57.2,57.23 1 0
godex/pkg/backend/codex/client.go:57.23,59.3 1 0
godex/pkg/backend/codex/client.go:60.2,60.25 1 0
godex/pkg/backend/codex/client.go:60.25,62.3 1 0
godex/pkg/backend/codex/client.go:63.2,63.67 1 0
godex/pkg/backend/codex/client.go:67.32,69.2 1 0
godex/pkg/backend/codex/client.go:72.123,73.20 1 0
godex/pkg/backend/codex/client.go:73.20,75.3 1 0
godex/pkg/backend/codex/client.go:77.2,78.16 2 0
godex/pkg/backend/codex/client.go:78.16,80.3 1 0
godex/pkg/backend/codex/client.go:82.2,84.6 3 0
godex/pkg/backend/codex/client.go:84.6,86.17 2 0
godex/pkg/backend/codex/client.go:86.17,88.4 1 0
godex/pkg/backend/codex/client.go:89.3,89.63 1 0
godex/pkg/backend/codex/client.go:89.63,92.43 3 0
godex/pkg/backend/codex/client.go:92.43,93.114 1 0
godex/pkg/backend/codex/client.go:93.114,95.14 2 0
godex/pkg/backend/codex/client.go:98.4,98.55 1 0
godex/pkg/backend/codex/client.go:100.3,100.63 1 0
godex/pkg/backend/codex/client.go:100.63,104.17 4 0
godex/pkg/backend/codex/client.go:104.17,105.12 1 0
godex/pkg/backend/codex/client.go:106.23,107.22 1 0
godex/pkg/backend/codex/client.go:108.30,108.30 0 0
godex/pkg/backend/codex/client.go:111.4,112.12 2 0
godex/pkg/backend/codex/client.go:114.3,114.54 1 0
godex/pkg/backend/codex/client.go:114.54,118.4 3 0
godex/pkg/backend/codex/client.go:119.3,120.45 2 0
godex/pkg/backend/codex/client.go:125.117,130.62 4 0
godex/pkg/backend/codex/client.go:130.62,132.65 2 0
godex/pkg/backend/codex/client.go:132.65,134.4 1 0
godex/pkg/backend/codex/client.go:135.3,135.76 1 0
godex/pkg/backend/codex/client.go:135.76,137.57 2 0
godex/pkg/backend/codex/client.go:137.57,139.5 1 0
godex/pkg/backend/codex/client.go:141.3,141.13 1 0
godex/pkg/backend/codex/client.go:143.2,143.16 1 0
godex/pkg/backend/codex/client.go:143.16,145.3 1 0
godex/pkg/backend/codex/client.go:147.2,148.32 2 0
godex/pkg/backend/codex/client.go:148.32,151.3 2 0
godex/pkg/backend/codex/client.go:152.2,152.17 1 0
godex/pkg/backend/codex/client.go:156.54,164.2 3 0
godex/pkg/backend/codex/client.go:166.89,167.19 1 0
godex/pkg/backend/codex/client.go:167.19,169.3 1 0
godex/pkg/backend/codex/client.go:170.2,172.16 3 0
godex/pkg/backend/codex/client.go:172.16,174.3 1 0
godex/pkg/backend/codex/client.go:175.2,176.16 2 0
godex/pkg/backend/codex/client.go:176.16,178.3 1 0
godex/pkg/backend/codex/client.go:179.2,183.27 5 0
godex/pkg/backend/codex/client.go:183.27,185.3 1 0
godex/pkg/backend/codex/client.go:186.2,186.24 1 0
godex/pkg/backend/codex/client.go:186.24,187.55 1 0
godex/pkg/backend/codex/client.go:187.55,189.4 1 0
godex/pkg/backend/codex/client.go:191.2,192.16 2 0
godex/pkg/backend/codex/client.go:192.16,194.3 1 0
godex/pkg/backend/codex/client.go:195.2,195.18 1 0
godex/pkg/backend/codex/client.go:198.35,200.2 1 1
godex/pkg/backend/codex/client.go:202.56,203.18 1 0
godex/pkg/backend/codex/client.go:203.18,205.3 1 0
godex/pkg/backend/codex/client.go:206.2,206.50 1 0
godex/pkg/backend/codex/client.go:222.79,224.2 1 0
godex/pkg/backend/codex/toolloop.go:12.171,13.20 1 0
godex/pkg/backend/codex/toolloop.go:13.20,15.3 1 0
godex/pkg/backend/codex/toolloop.go:16.2,17.14 2 0
godex/pkg/backend/codex/toolloop.go:17.14,19.3 1 0
godex/pkg/backend/codex/toolloop.go:20.2,22.36 2 0
godex/pkg/backend/codex/toolloop.go:22.36,24.17 2 0
godex/pkg/backend/codex/toolloop.go:24.17,26.4 1 0
godex/pkg/backend/codex/toolloop.go:27.3,27.33 1 0
godex/pkg/backend/codex/toolloop.go:27.33,29.4 1 0
godex/pkg/backend/codex/toolloop.go:31.3,32.41 2 0
godex/pkg/backend/codex/toolloop.go:32.41,34.18 2 0
godex/pkg/backend/codex/toolloop.go:34.18,36.5 1 0
godex/pkg/backend/codex/toolloop.go:37.4,37.30 1 0
godex/pkg/backend/codex/toolloop.go:40.3,40.85 1 0
godex/pkg/backend/codex/toolloop.go:42.2,42.75 1 0
godex/pkg/backend/codex/toolloop.go:45.116,60.2 1 0
godex/pkg/backend/codex/toolloop.go:64.112,66.29 2 0
godex/pkg/backend/codex/toolloop.go:66.29,70.3 3 0
godex/pkg/backend/codex/toolloop.go:71.2,71.14 1 0
godex/pkg/protocol/types.go:106.49,115.2 1 0
godex/pkg/protocol/types.go:117.74,119.2 1 0
godex/pkg/protocol/types.go:121.71,123.2 1 0
godex/pkg/client/client.go:37.78,39.2 1 0
godex/pkg/client/client.go:42.54,44.2 1 0
godex/pkg/client/client.go:48.109,50.2 1 0
godex/pkg/client/client.go:53.147,55.2 1 0
godex/pkg/client/client.go:58.104,60.2 1 1
godex/pkg/client/client.go:64.118,68.51 3 1
godex/pkg/client/client.go:68.51,70.76 2 1
godex/pkg/client/client.go:70.76,72.57 2 1
godex/pkg/client/client.go:72.57,74.5 1 1
godex/pkg/client/client.go:76.3,76.13 1 1
godex/pkg/client/client.go:78.2,78.16 1 1
godex/pkg/client/client.go:78.16,80.3 1 0
godex/pkg/client/client.go:82.2,83.32 2 1
godex/pkg/client/client.go:83.32,86.3 2 1
godex/pkg/client/client.go:87.2,87.17 1 1
godex/pkg/client/client.go:92.156,94.14 2 1
godex/pkg/client/client.go:94.14,96.3 1 0
godex/pkg/client/client.go:97.2,99.36 2 1
godex/pkg/client/client.go:99.36,101.17 2 1
godex/pkg/client/client.go:101.17,103.4 1 0
godex/pkg/client/client.go:104.3,104.33 1 1
godex/pkg/client/client.go:104.33,106.4 1 1
godex/pkg/client/client.go:108.3,109.41 2 1
godex/pkg/client/client.go:109.41,111.19 2 1
godex/pkg/client/client.go:111.19,113.5 1 0
godex/pkg/client/client.go:114.4,114.30 1 1
godex/pkg/client/client.go:117.3,117.85 1 1
godex/pkg/client/client.go:119.2,119.28 1 0
godex/pkg/client/client.go:122.116,137.2 1 1
godex/pkg/client/client.go:143.29,151.2 1 0
godex/pkg/protocol/types.go:106.49,115.2 1 0
godex/pkg/protocol/types.go:117.74,119.2 1 1
godex/pkg/protocol/types.go:121.71,123.2 1 1
godex/pkg/config/config.go:119.29,203.2 1 1
godex/pkg/config/config.go:205.27,206.64 1 1
godex/pkg/config/config.go:206.64,208.3 1 1
godex/pkg/config/config.go:209.2,210.16 2 1
godex/pkg/config/config.go:210.16,212.3 1 0
godex/pkg/config/config.go:213.2,213.63 1 1
godex/pkg/config/config.go:216.20,218.2 1 0
godex/pkg/config/config.go:220.35,222.35 2 1
godex/pkg/config/config.go:222.35,223.48 1 1
godex/pkg/config/config.go:223.48,225.4 1 1
godex/pkg/config/config.go:227.2,228.12 2 1
godex/pkg/config/config.go:231.28,232.68 1 1
godex/pkg/config/config.go:232.68,234.3 1 1
godex/pkg/config/config.go:235.2,235.75 1 1
godex/pkg/config/config.go:235.75,237.3 1 0
godex/pkg/config/config.go:238.2,238.83 1 1
godex/pkg/config/config.go:238.83,240.3 1 0
godex/pkg/config/config.go:241.2,241.74 1 1
godex/pkg/config/config.go:241.74,243.3 1 0
godex/pkg/config/config.go:244.2,244.70 1 1
godex/pkg/config/config.go:244.70,245.50 1 1
godex/pkg/config/config.go:245.50,247.4 1 1
godex/pkg/config/config.go:249.2,249.76 1 1
godex/pkg/config/config.go:249.76,251.3 1 0
godex/pkg/config/config.go:252.2,252.83 1 1
godex/pkg/config/config.go:252.83,253.40 1 0
godex/pkg/config/config.go:253.40,255.4 1 0
godex/pkg/config/config.go:257.2,257.72 1 1
godex/pkg/config/config.go:257.72,259.3 1 0
godex/pkg/config/config.go:261.2,261.66 1 1
godex/pkg/config/config.go:261.66,263.3 1 0
godex/pkg/config/config.go:264.2,264.68 1 1
godex/pkg/config/config.go:264.68,266.3 1 0
godex/pkg/config/config.go:267.2,267.68 1 1
godex/pkg/config/config.go:267.68,269.3 1 0
godex/pkg/config/config.go:270.2,270.67 1 1
godex/pkg/config/config.go:270.67,271.40 1 0
godex/pkg/config/config.go:271.40,273.4 1 0
godex/pkg/config/config.go:275.2,275.69 1 1
godex/pkg/config/config.go:275.69,276.50 1 0
godex/pkg/config/config.go:276.50,278.4 1 0
godex/pkg/config/config.go:281.2,281.67 1 1
godex/pkg/config/config.go:281.67,283.3 1 0
godex/pkg/config/config.go:284.2,284.74 1 1
godex/pkg/config/config.go:284.74,286.3 1 0
godex/pkg/config/config.go:287.2,287.72 1 1
godex/pkg/config/config.go:287.72,289.3 1 0
godex/pkg/config/config.go:290.2,290.68 1 1
godex/pkg/config/config.go:290.68,292.3 1 0
godex/pkg/config/config.go:294.2,294.70 1 1
godex/pkg/config/config.go:294.70,296.3 1 1
godex/pkg/config/config.go:297.2,297.71 1 1
godex/pkg/config/config.go:297.71,299.3 1 1
godex/pkg/config/config.go:300.2,300.77 1 1
godex/pkg/config/config.go:300.77,302.3 1 1
godex/pkg/config/config.go:303.2,303.77 1 1
godex/pkg/config/config.go:303.77,305.3 1 0
godex/pkg/config/config.go:306.2,306.69 1 1
godex/pkg/config/config.go:306.69,308.3 1 0
godex/pkg/config/config.go:309.2,309.72 1 1
godex/pkg/config/config.go:309.72,311.3 1 0
godex/pkg/config/config.go:312.2,312.74 1 1
godex/pkg/config/config.go:312.74,314.3 1 0
godex/pkg/config/config.go:315.2,315.74 1 1
godex/pkg/config/config.go:315.74,317.3 1 0
godex/pkg/config/config.go:318.2,318.73 1 1
godex/pkg/config/config.go:318.73,320.3 1 0
godex/pkg/config/config.go:321.2,321.73 1 1
godex/pkg/config/config.go:321.73,322.50 1 0
godex/pkg/config/config.go:322.50,324.4 1 0
godex/pkg/config/config.go:326.2,326.73 1 1
godex/pkg/config/config.go:326.73,328.3 1 0
godex/pkg/config/config.go:329.2,329.76 1 1
godex/pkg/config/config.go:329.76,331.3 1 1
godex/pkg/config/config.go:332.2,332.73 1 1
godex/pkg/config/config.go:332.73,334.3 1 0
godex/pkg/config/config.go:335.2,335.68 1 1
godex/pkg/config/config.go:335.68,337.3 1 0
godex/pkg/config/config.go:338.2,338.69 1 1
godex/pkg/config/config.go:338.69,339.40 1 0
godex/pkg/config/config.go:339.40,341.4 1 0
godex/pkg/config/config.go:343.2,343.76 1 1
godex/pkg/config/config.go:343.76,344.42 1 0
godex/pkg/config/config.go:344.42,346.4 1 0
godex/pkg/config/config.go:348.2,348.74 1 1
godex/pkg/config/config.go:348.74,350.3 1 0
godex/pkg/config/config.go:351.2,351.77 1 1
godex/pkg/config/config.go:351.77,353.3 1 0
godex/pkg/config/config.go:354.2,354.79 1 1
godex/pkg/config/config.go:354.79,355.42 1 0
godex/pkg/config/config.go:355.42,357.4 1 0
godex/pkg/config/config.go:359.2,359.81 1 1
godex/pkg/config/config.go:359.81,360.40 1 0
godex/pkg/config/config.go:360.40,362.4 1 0
godex/pkg/config/config.go:364.2,364.75 1 1
godex/pkg/config/config.go:364.75,366.3 1 0
godex/pkg/config/config.go:367.2,367.80 1 1
godex/pkg/config/config.go:367.80,368.42 1 0
godex/pkg/config/config.go:368.42,370.4 1 0
godex/pkg/config/config.go:372.2,372.82 1 1
godex/pkg/config/config.go:372.82,373.40 1 0
godex/pkg/config/config.go:373.40,375.4 1 0
godex/pkg/config/config.go:377.2,377.76 1 1
godex/pkg/config/config.go:377.76,378.50 1 0
godex/pkg/config/config.go:378.50,380.4 1 0
godex/pkg/config/config.go:382.2,382.76 1 1
godex/pkg/config/config.go:382.76,384.3 1 0
godex/pkg/config/config.go:385.2,385.74 1 1
godex/pkg/config/config.go:385.74,387.3 1 0
godex/pkg/config/config.go:388.2,388.75 1 1
godex/pkg/config/config.go:388.75,390.3 1 0
godex/pkg/config/config.go:391.2,391.73 1 1
godex/pkg/config/config.go:391.73,393.3 1 0
godex/pkg/config/config.go:396.40,398.2 1 0
godex/pkg/config/config.go:400.44,402.2 1 0
godex/pkg/config/config.go:404.33,407.2 2 1
godex/pkg/payments/token_meter.go:18.47,20.2 1 0
godex/pkg/payments/token_meter.go:22.44,24.2 1 0
godex/pkg/payments/token_meter.go:26.163,27.18 1 0
godex/pkg/payments/token_meter.go:27.18,29.3 1 0
godex/pkg/payments/token_meter.go:30.2,33.16 4 0
godex/pkg/payments/token_meter.go:33.16,35.3 1 0
godex/pkg/payments/token_meter.go:36.2,39.57 4 0
godex/pkg/payments/token_meter.go:39.57,41.3 1 0
godex/pkg/payments/token_meter.go:42.2,42.44 1 0
godex/pkg/payments/token_meter.go:45.97,46.18 1 0
godex/pkg/payments/token_meter.go:46.18,48.3 1 0
godex/pkg/payments/token_meter.go:49.2,52.16 4 0
godex/pkg/payments/token_meter.go:52.16,54.3 1 0
godex/pkg/payments/token_meter.go:55.2,57.35 3 0
godex/pkg/payments/token_meter.go:60.79,61.18 1 0
godex/pkg/payments/token_meter.go:61.18,63.3 1 0
godex/pkg/payments/token_meter.go:64.2,65.16 2 0
godex/pkg/payments/token_meter.go:65.16,67.3 1 0
godex/pkg/payments/token_meter.go:68.2,70.35 3 0
godex/pkg/payments/token_meter.go:73.105,76.55 3 0
godex/pkg/payments/token_meter.go:76.55,78.131 2 0
godex/pkg/payments/token_meter.go:78.131,80.4 1 0
godex/pkg/payments/token_meter.go:81.3,81.29 1 0
godex/pkg/payments/token_meter.go:83.2,84.16 2 0
godex/pkg/payments/token_meter.go:84.16,86.3 1 0
godex/pkg/payments/token_meter.go:87.2,88.23 2 0
godex/pkg/payments/token_meter.go:91.91,94.55 3 0
godex/pkg/payments/token_meter.go:94.55,96.131 2 0
godex/pkg/payments/token_meter.go:96.131,98.4 1 0
godex/pkg/payments/token_meter.go:99.3,99.29 1 0
godex/pkg/payments/token_meter.go:101.2,102.16 2 0
godex/pkg/payments/token_meter.go:102.16,104.3 1 0
godex/pkg/payments/token_meter.go:105.2,105.23 1 0
godex/pkg/protocol/types.go:106.49,115.2 1 0
godex/pkg/protocol/types.go:117.74,119.2 1 0
godex/pkg/protocol/types.go:121.71,123.2 1 0
godex/pkg/protocol/types.go:106.49,115.2 1 0
godex/pkg/protocol/types.go:117.74,119.2 1 0
godex/pkg/protocol/types.go:121.71,123.2 1 0
godex/pkg/sse/sse.go:17.61,23.24 5 1
godex/pkg/sse/sse.go:23.24,24.26 1 1
godex/pkg/sse/sse.go:24.26,26.4 1 0
godex/pkg/sse/sse.go:27.3,29.79 3 1
godex/pkg/sse/sse.go:29.79,31.4 1 0
godex/pkg/sse/sse.go:32.3,34.50 3 1
godex/pkg/sse/sse.go:34.50,36.4 1 0
godex/pkg/sse/sse.go:37.3,37.42 1 1
godex/pkg/sse/sse.go:40.2,40.15 1 1
godex/pkg/sse/sse.go:40.15,42.17 2 1
godex/pkg/sse/sse.go:42.17,43.34 1 1
godex/pkg/sse/sse.go:43.34,45.5 1 0
godex/pkg/sse/sse.go:46.4,46.12 1 1
godex/pkg/sse/sse.go:48.3,48.35 1 1
godex/pkg/sse/sse.go:48.35,49.12 1 0
godex/pkg/sse/sse.go:51.3,51.39 1 1
godex/pkg/sse/sse.go:51.39,53.4 1 1
godex/pkg/sse/sse.go:55.2,55.32 1 1
godex/pkg/sse/sse.go:55.32,57.3 1 0
godex/pkg/sse/sse.go:58.2,58.16 1 1
godex/pkg/sse/sse.go:67.32,72.2 1 1
godex/pkg/sse/sse.go:74.54,75.63 1 1
godex/pkg/sse/sse.go:75.63,77.41 2 1
godex/pkg/sse/sse.go:77.41,79.4 1 1
godex/pkg/sse/sse.go:80.3,80.80 1 1
godex/pkg/sse/sse.go:80.80,83.4 2 0
godex/pkg/sse/sse.go:85.2,85.57 1 1
godex/pkg/sse/sse.go:85.57,87.37 2 1
godex/pkg/sse/sse.go:87.37,90.4 2 1
godex/pkg/sse/sse.go:92.2,92.45 1 1
godex/pkg/sse/sse.go:92.45,94.3 1 1
godex/pkg/sse/sse.go:95.2,95.97 1 1
godex/pkg/sse/sse.go:95.97,97.3 1 0
godex/pkg/sse/sse.go:100.56,101.37 1 1
godex/pkg/sse/sse.go:101.37,103.3 1 1
godex/pkg/sse/sse.go:104.2,104.11 1 0
godex/pkg/sse/sse.go:107.57,109.31 2 0
godex/pkg/sse/sse.go:109.31,111.3 1 0
godex/pkg/sse/sse.go:112.2,112.12 1 0
godex/pkg/sse/sse.go:115.41,117.2 1 1
godex/pkg/sse/sse.go:119.71,120.39 1 1
godex/pkg/sse/sse.go:120.39,122.3 1 0
godex/pkg/sse/sse.go:123.2,125.10 3 1
godex/pkg/payments/token_meter.go:18.47,20.2 1 1
godex/pkg/payments/token_meter.go:22.44,24.2 1 0
godex/pkg/payments/token_meter.go:26.163,27.18 1 0
godex/pkg/payments/token_meter.go:27.18,29.3 1 0
godex/pkg/payments/token_meter.go:30.2,33.16 4 0
godex/pkg/payments/token_meter.go:33.16,35.3 1 0
godex/pkg/payments/token_meter.go:36.2,39.57 4 0
godex/pkg/payments/token_meter.go:39.57,41.3 1 0
godex/pkg/payments/token_meter.go:42.2,42.44 1 0
godex/pkg/payments/token_meter.go:45.97,46.18 1 0
godex/pkg/payments/token_meter.go:46.18,48.3 1 0
godex/pkg/payments/token_meter.go:49.2,52.16 4 0
godex/pkg/payments/token_meter.go:52.16,54.3 1 0
godex/pkg/payments/token_meter.go:55.2,57.35 3 0
godex/pkg/payments/token_meter.go:60.79,61.18 1 0
godex/pkg/payments/token_meter.go:61.18,63.3 1 0
godex/pkg/payments/token_meter.go:64.2,65.16 2 0
godex/pkg/payments/token_meter.go:65.16,67.3 1 0
godex/pkg/payments/token_meter.go:68.2,70.35 3 0
godex/pkg/payments/token_meter.go:73.105,76.55 3 0
godex/pkg/payments/token_meter.go:76.55,78.131 2 0
godex/pkg/payments/token_meter.go:78.131,80.4 1 0
godex/pkg/payments/token_meter.go:81.3,81.29 1 0
godex/pkg/payments/token_meter.go:83.2,84.16 2 0
godex/pkg/payments/token_meter.go:84.16,86.3 1 0
godex/pkg/payments/token_meter.go:87.2,88.23 2 0
godex/pkg/payments/token_meter.go:91.91,94.55 3 0
godex/pkg/payments/token_meter.go:94.55,96.131 2 0
godex/pkg/payments/token_meter.go:96.131,98.4 1 0
godex/pkg/payments/token_meter.go:99.3,99.29 1 0
godex/pkg/payments/token_meter.go:101.2,102.16 2 0
godex/pkg/payments/token_meter.go:102.16,104.3 1 0
godex/pkg/payments/token_meter.go:105.2,105.23 1 0
godex/pkg/protocol/types.go:106.49,115.2 1 0
godex/pkg/protocol/types.go:117.74,119.2 1 0
godex/pkg/protocol/types.go:121.71,123.2 1 0
godex/pkg/proxy/admin_adapter.go:13.141,15.16 2 0
godex/pkg/proxy/admin_adapter.go:15.16,17.3 1 0
godex/pkg/proxy/admin_adapter.go:18.2,18.163 1 0
godex/pkg/proxy/admin_adapter.go:21.128,23.16 2 0
godex/pkg/proxy/admin_adapter.go:23.16,25.3 1 0
godex/pkg/proxy/admin_adapter.go:26.2,26.155 1 0
godex/pkg/proxy/admin_adapter.go:29.80,31.16 2 0
godex/pkg/proxy/admin_adapter.go:31.16,33.3 1 0
godex/pkg/proxy/admin_adapter.go:34.2,34.155 1 0
godex/pkg/proxy/cache.go:29.41,30.14 1 1
godex/pkg/proxy/cache.go:30.14,32.3 1 1
godex/pkg/proxy/cache.go:33.2,33.60 1 1
godex/pkg/proxy/cache.go:36.51,39.2 2 0
godex/pkg/proxy/cache.go:41.35,45.2 3 0
godex/pkg/proxy/cache.go:47.64,51.18 4 0
godex/pkg/proxy/cache.go:51.18,53.3 1 0
godex/pkg/proxy/cache.go:54.2,54.34 1 0
godex/pkg/proxy/cache.go:54.34,56.3 1 0
godex/pkg/proxy/cache.go:57.2,57.37 1 0
godex/pkg/proxy/cache.go:60.60,64.65 4 1
godex/pkg/proxy/cache.go:64.65,66.3 1 1
godex/pkg/proxy/cache.go:67.2,67.33 1 0
godex/pkg/proxy/cache.go:70.58,74.18 4 0
godex/pkg/proxy/cache.go:74.18,76.3 1 0
godex/pkg/proxy/cache.go:77.2,77.31 1 0
godex/pkg/proxy/cache.go:80.60,84.18 4 0
godex/pkg/proxy/cache.go:84.18,86.3 1 0
godex/pkg/proxy/cache.go:87.2,88.57 2 0
godex/pkg/proxy/cache.go:91.70,92.21 1 1
godex/pkg/proxy/cache.go:92.21,94.3 1 1
godex/pkg/proxy/cache.go:95.2,98.18 4 1
godex/pkg/proxy/cache.go:98.18,100.3 1 0
godex/pkg/proxy/cache.go:101.2,101.28 1 1
godex/pkg/proxy/cache.go:101.28,103.3 1 1
godex/pkg/proxy/cache.go:104.2,104.34 1 1
godex/pkg/proxy/cache.go:104.34,106.3 1 1
godex/pkg/proxy/cache.go:109.66,113.44 4 0
godex/pkg/proxy/cache.go:113.44,115.3 1 0
godex/pkg/proxy/cache.go:116.2,117.17 2 0
godex/pkg/proxy/cache.go:120.56,121.15 1 1
godex/pkg/proxy/cache.go:121.15,123.3 1 0
godex/pkg/proxy/cache.go:124.2,124.37 1 1
godex/pkg/proxy/cache.go:124.37,125.42 1 1
godex/pkg/proxy/cache.go:125.42,128.4 2 1
godex/pkg/proxy/cache.go:129.3,129.25 1 0
godex/pkg/proxy/cache.go:131.2,133.14 3 1
godex/pkg/proxy/chat.go:21.80,23.42 2 1
godex/pkg/proxy/chat.go:23.42,26.3 2 0
godex/pkg/proxy/chat.go:27.2,28.9 2 1
godex/pkg/proxy/chat.go:28.9,31.3 2 0
godex/pkg/proxy/chat.go:32.2,34.9 3 1
godex/pkg/proxy/chat.go:34.9,36.3 1 0
godex/pkg/proxy/chat.go:37.2,37.50 1 1
godex/pkg/proxy/chat.go:37.50,38.25 1 0
godex/pkg/proxy/chat.go:38.25,40.4 1 0
godex/pkg/proxy/chat.go:41.3,41.9 1 0
godex/pkg/proxy/chat.go:43.2,45.35 3 1
godex/pkg/proxy/chat.go:45.35,47.3 1 1
godex/pkg/proxy/chat.go:48.2,49.16 2 1
godex/pkg/proxy/chat.go:49.16,52.3 2 0
godex/pkg/proxy/chat.go:53.2,73.15 7 1
godex/pkg/proxy/chat.go:73.15,77.3 2 0
godex/pkg/proxy/chat.go:79.2,79.17 1 1
godex/pkg/proxy/chat.go:79.17,81.17 2 1
godex/pkg/proxy/chat.go:81.17,84.4 2 0
godex/pkg/proxy/chat.go:85.3,89.9 5 1
godex/pkg/proxy/chat.go:92.2,96.9 5 1
godex/pkg/proxy/chat.go:96.9,99.3 2 0
godex/pkg/proxy/chat.go:101.2,110.75 9 1
godex/pkg/proxy/chat.go:110.75,112.65 2 1
godex/pkg/proxy/chat.go:112.65,114.4 1 1
godex/pkg/proxy/chat.go:115.3,115.24 1 1
godex/pkg/proxy/chat.go:116.37,117.28 1 1
godex/pkg/proxy/chat.go:117.28,119.5 1 0
godex/pkg/proxy/chat.go:120.4,130.17 2 1
godex/pkg/proxy/chat.go:130.17,133.5 2 1
godex/pkg/proxy/chat.go:134.4,134.38 1 1
godex/pkg/proxy/chat.go:135.38,136.95 1 0
godex/pkg/proxy/chat.go:136.95,138.5 1 0
godex/pkg/proxy/chat.go:139.4,149.17 2 0
godex/pkg/proxy/chat.go:149.17,152.5 2 0
godex/pkg/proxy/chat.go:153.4,153.38 1 0
godex/pkg/proxy/chat.go:154.37,155.69 1 0
godex/pkg/proxy/chat.go:155.69,157.5 1 0
godex/pkg/proxy/chat.go:158.4,160.20 3 0
godex/pkg/proxy/chat.go:160.20,162.5 1 0
godex/pkg/proxy/chat.go:163.4,164.11 2 0
godex/pkg/proxy/chat.go:164.11,167.5 2 0
godex/pkg/proxy/chat.go:168.4,168.30 1 0
godex/pkg/proxy/chat.go:168.30,170.5 1 0
godex/pkg/proxy/chat.go:171.4,188.38 2 0
godex/pkg/proxy/chat.go:189.49,191.20 2 0
godex/pkg/proxy/chat.go:191.20,193.5 1 0
godex/pkg/proxy/chat.go:194.4,195.11 2 0
godex/pkg/proxy/chat.go:195.11,197.5 1 0
godex/pkg/proxy/chat.go:198.4,215.38 2 0
godex/pkg/proxy/chat.go:217.3,217.13 1 1
godex/pkg/proxy/chat.go:220.2,220.16 1 1
godex/pkg/proxy/chat.go:220.16,223.3 2 0
godex/pkg/proxy/chat.go:225.2,228.13 4 1
godex/pkg/proxy/chat.go:228.13,230.3 1 0
godex/pkg/proxy/chat.go:231.2,245.45 5 1
godex/pkg/proxy/chat.go:248.90,263.31 2 0
godex/pkg/proxy/chat.go:263.31,265.41 2 0
godex/pkg/proxy/chat.go:265.41,274.4 1 0
godex/pkg/proxy/chat.go:275.3,277.46 3 0
godex/pkg/proxy/chat.go:279.2,279.13 1 0
godex/pkg/proxy/chat.go:282.109,284.22 2 1
godex/pkg/proxy/chat.go:284.22,286.3 1 0
godex/pkg/proxy/chat.go:287.2,288.37 2 1
godex/pkg/proxy/chat.go:288.37,290.3 1 0
godex/pkg/proxy/chat.go:291.2,291.12 1 1
godex/pkg/proxy/chat.go:295.98,310.31 2 1
godex/pkg/proxy/chat.go:310.31,312.41 2 1
godex/pkg/proxy/chat.go:312.41,321.4 1 1
godex/pkg/proxy/chat.go:322.3,324.46 3 1
godex/pkg/proxy/chat.go:326.2,326.13 1 1
godex/pkg/proxy/chat.go:330.82,332.40 2 1
godex/pkg/proxy/chat.go:332.40,334.3 1 1
godex/pkg/proxy/chat.go:335.2,335.14 1 1
godex/pkg/proxy/chat.go:343.45,345.2 1 0
godex/pkg/proxy/chat.go:347.136,349.2 1 0
godex/pkg/proxy/chat.go:351.130,353.16 2 0
godex/pkg/proxy/chat.go:353.16,355.3 1 0
godex/pkg/proxy/chat.go:357.2,358.38 2 0
godex/pkg/proxy/chat.go:358.38,364.3 1 0
godex/pkg/proxy/chat.go:365.2,368.8 1 0
godex/pkg/proxy/chat.go:371.92,374.2 1 0
godex/pkg/proxy/keys.go:44.51,45.35 1 0
godex/pkg/proxy/keys.go:45.35,47.3 1 0
godex/pkg/proxy/keys.go:48.2,50.16 3 0
godex/pkg/proxy/keys.go:50.16,51.25 1 0
godex/pkg/proxy/keys.go:51.25,53.4 1 0
godex/pkg/proxy/keys.go:54.3,54.18 1 0
godex/pkg/proxy/keys.go:56.2,56.19 1 0
godex/pkg/proxy/keys.go:56.19,58.3 1 0
godex/pkg/proxy/keys.go:59.2,59.54 1 0
godex/pkg/proxy/keys.go:59.54,61.3 1 0
godex/pkg/proxy/keys.go:62.2,62.26 1 0
godex/pkg/proxy/keys.go:62.26,64.3 1 0
godex/pkg/proxy/keys.go:65.2,66.16 2 0
godex/pkg/proxy/keys.go:69.33,73.2 3 0
godex/pkg/proxy/keys.go:75.39,77.16 2 0
godex/pkg/proxy/keys.go:77.16,79.3 1 0
godex/pkg/proxy/keys.go:80.2,80.41 1 0
godex/pkg/proxy/keys.go:83.39,89.2 5 0
godex/pkg/proxy/keys.go:91.141,93.17 2 0
godex/pkg/proxy/keys.go:93.17,95.3 1 0
godex/pkg/proxy/keys.go:96.2,97.16 2 0
godex/pkg/proxy/keys.go:97.16,99.3 1 0
godex/pkg/proxy/keys.go:100.2,101.18 2 0
godex/pkg/proxy/keys.go:101.18,103.17 2 0
godex/pkg/proxy/keys.go:103.17,105.4 1 0
godex/pkg/proxy/keys.go:107.2,116.13 2 0
godex/pkg/proxy/keys.go:116.13,119.3 2 0
godex/pkg/proxy/keys.go:121.2,124.39 4 0
godex/pkg/proxy/keys.go:124.39,126.3 1 0
godex/pkg/proxy/keys.go:127.2,127.25 1 0
godex/pkg/proxy/keys.go:130.63,132.21 2 0
godex/pkg/proxy/keys.go:132.21,134.3 1 0
godex/pkg/proxy/keys.go:135.2,137.34 3 0
godex/pkg/proxy/keys.go:137.34,138.62 1 0
godex/pkg/proxy/keys.go:138.62,144.4 5 0
godex/pkg/proxy/keys.go:146.2,146.27 1 0
godex/pkg/proxy/keys.go:149.127,151.14 2 0
godex/pkg/proxy/keys.go:151.14,153.3 1 0
godex/pkg/proxy/keys.go:154.2,156.34 3 0
godex/pkg/proxy/keys.go:156.34,157.19 1 0
godex/pkg/proxy/keys.go:157.19,158.12 1 0
godex/pkg/proxy/keys.go:160.3,160.37 1 0
godex/pkg/proxy/keys.go:160.37,162.4 1 0
godex/pkg/proxy/keys.go:163.3,163.36 1 0
godex/pkg/proxy/keys.go:163.36,165.4 1 0
godex/pkg/proxy/keys.go:166.3,166.17 1 0
godex/pkg/proxy/keys.go:166.17,168.4 1 0
godex/pkg/proxy/keys.go:169.3,169.17 1 0
godex/pkg/proxy/keys.go:169.17,171.4 1 0
godex/pkg/proxy/keys.go:172.3,172.14 1 0
godex/pkg/proxy/keys.go:172.14,175.4 2 0
godex/pkg/proxy/keys.go:176.3,177.40 2 0
godex/pkg/proxy/keys.go:177.40,179.4 1 0
godex/pkg/proxy/keys.go:180.3,180.18 1 0
godex/pkg/proxy/keys.go:182.2,182.49 1 0
godex/pkg/proxy/keys.go:185.72,187.9 2 0
godex/pkg/proxy/keys.go:187.9,189.3 1 0
godex/pkg/proxy/keys.go:190.2,190.70 1 0
godex/pkg/proxy/keys.go:193.121,195.14 2 0
godex/pkg/proxy/keys.go:195.14,197.3 1 0
godex/pkg/proxy/keys.go:198.2,200.34 3 0
godex/pkg/proxy/keys.go:200.34,201.19 1 0
godex/pkg/proxy/keys.go:201.19,202.12 1 0
godex/pkg/proxy/keys.go:204.3,206.19 3 0
godex/pkg/proxy/keys.go:206.19,208.4 1 0
godex/pkg/proxy/keys.go:209.3,212.40 4 0
godex/pkg/proxy/keys.go:212.40,214.4 1 0
godex/pkg/proxy/keys.go:215.3,215.18 1 0
godex/pkg/proxy/keys.go:217.2,217.49 1 0
godex/pkg/proxy/keys.go:220.73,222.14 2 0
godex/pkg/proxy/keys.go:222.14,224.3 1 0
godex/pkg/proxy/keys.go:225.2,227.34 3 0
godex/pkg/proxy/keys.go:227.34,228.19 1 0
godex/pkg/proxy/keys.go:228.19,229.12 1 0
godex/pkg/proxy/keys.go:231.3,233.40 3 0
godex/pkg/proxy/keys.go:233.40,235.4 1 0
godex/pkg/proxy/keys.go:236.3,236.18 1 0
godex/pkg/proxy/keys.go:238.2,238.49 1 0
godex/pkg/proxy/keys.go:241.139,243.14 2 0
godex/pkg/proxy/keys.go:243.14,245.3 1 0
godex/pkg/proxy/keys.go:246.2,248.34 3 0
godex/pkg/proxy/keys.go:248.34,249.19 1 0
godex/pkg/proxy/keys.go:249.19,250.12 1 0
godex/pkg/proxy/keys.go:252.3,254.49 3 0
godex/pkg/proxy/keys.go:254.49,258.4 3 0
godex/pkg/proxy/keys.go:259.3,259.41 1 0
godex/pkg/proxy/keys.go:259.41,260.41 1 0
godex/pkg/proxy/keys.go:260.41,262.42 2 0
godex/pkg/proxy/keys.go:262.42,264.6 1 0
godex/pkg/proxy/keys.go:265.5,265.19 1 0
godex/pkg/proxy/keys.go:268.3,268.25 1 0
godex/pkg/proxy/keys.go:268.25,271.4 2 0
godex/pkg/proxy/keys.go:272.3,272.19 1 0
godex/pkg/proxy/keys.go:272.19,275.4 2 0
godex/pkg/proxy/keys.go:276.3,277.14 2 0
godex/pkg/proxy/keys.go:277.14,278.41 1 0
godex/pkg/proxy/keys.go:278.41,280.5 1 0
godex/pkg/proxy/keys.go:282.3,282.27 1 0
godex/pkg/proxy/keys.go:284.2,284.56 1 0
godex/pkg/proxy/keys.go:287.61,292.34 5 0
godex/pkg/proxy/keys.go:292.34,293.23 1 0
godex/pkg/proxy/keys.go:293.23,294.28 1 0
godex/pkg/proxy/keys.go:294.28,296.5 1 0
godex/pkg/proxy/keys.go:297.4,297.57 1 0
godex/pkg/proxy/keys.go:297.57,299.5 1 0
godex/pkg/proxy/keys.go:300.4,300.20 1 0
godex/pkg/proxy/keys.go:303.2,303.27 1 0
godex/pkg/proxy/keys.go:306.35,311.34 5 0
godex/pkg/proxy/keys.go:311.34,312.56 1 0
godex/pkg/proxy/keys.go:312.56,313.12 1 0
godex/pkg/proxy/keys.go:315.3,315.35 1 0
godex/pkg/proxy/keys.go:317.2,318.20 2 0
godex/pkg/proxy/keys.go:321.37,322.41 1 1
godex/pkg/proxy/keys.go:322.41,324.3 1 0
godex/pkg/proxy/keys.go:325.2,326.47 2 1
godex/pkg/proxy/keys.go:329.34,331.42 2 0
godex/pkg/proxy/keys.go:331.42,333.3 1 0
godex/pkg/proxy/keys.go:334.2,334.64 1 0
godex/pkg/proxy/keys.go:337.33,339.42 2 0
godex/pkg/proxy/keys.go:339.42,341.3 1 0
godex/pkg/proxy/keys.go:342.2,342.60 1 0
godex/pkg/proxy/logger.go:19.43,20.51 1 1
godex/pkg/proxy/logger.go:21.15,22.23 1 0
godex/pkg/proxy/logger.go:23.14,24.22 1 0
godex/pkg/proxy/logger.go:25.25,26.22 1 0
godex/pkg/proxy/logger.go:27.15,28.23 1 0
godex/pkg/proxy/logger.go:29.10,30.22 1 1
godex/pkg/proxy/logger.go:39.40,44.2 1 1
godex/pkg/proxy/logger.go:46.54,47.40 1 0
godex/pkg/proxy/logger.go:47.40,49.3 1 0
godex/pkg/proxy/logger.go:50.2,50.54 1 0
godex/pkg/proxy/logger.go:53.54,54.40 1 0
godex/pkg/proxy/logger.go:54.40,56.3 1 0
godex/pkg/proxy/logger.go:57.2,57.54 1 0
godex/pkg/proxy/logger.go:60.55,61.41 1 0
godex/pkg/proxy/logger.go:61.41,63.3 1 0
godex/pkg/proxy/logger.go:64.2,64.55 1 0
godex/pkg/proxy/logger.go:67.61,69.41 2 0
godex/pkg/proxy/logger.go:69.41,71.3 1 0
godex/pkg/proxy/logger.go:72.2,72.33 1 0
godex/pkg/proxy/mapping.go:12.66,13.19 1 0
godex/pkg/proxy/mapping.go:13.19,15.3 1 0
godex/pkg/proxy/mapping.go:16.2,17.19 2 0
godex/pkg/proxy/mapping.go:17.19,19.3 1 0
godex/pkg/proxy/mapping.go:20.2,20.20 1 0
godex/pkg/proxy/mapping.go:21.11,23.52 2 0
godex/pkg/proxy/mapping.go:23.52,25.4 1 0
godex/pkg/proxy/mapping.go:26.3,26.75 1 0
godex/pkg/proxy/mapping.go:27.11,29.53 2 0
godex/pkg/proxy/mapping.go:29.53,31.4 1 0
godex/pkg/proxy/mapping.go:32.3,32.20 1 0
godex/pkg/proxy/mapping.go:33.11,35.52 2 0
godex/pkg/proxy/mapping.go:35.52,37.4 1 0
godex/pkg/proxy/mapping.go:38.3,38.33 1 0
godex/pkg/proxy/mapping.go:39.10,40.48 1 0
godex/pkg/proxy/mapping.go:44.38,45.29 1 1
godex/pkg/proxy/mapping.go:46.14,47.11 1 1
godex/pkg/proxy/mapping.go:48.13,50.26 2 0
godex/pkg/proxy/mapping.go:50.26,51.45 1 0
godex/pkg/proxy/mapping.go:51.45,53.5 1 0
godex/pkg/proxy/mapping.go:55.3,55.33 1 0
godex/pkg/proxy/mapping.go:56.22,57.38 1 0
godex/pkg/proxy/mapping.go:57.38,59.4 1 0
godex/pkg/proxy/mapping.go:60.3,60.41 1 0
godex/pkg/proxy/mapping.go:60.41,62.4 1 0
godex/pkg/proxy/mapping.go:63.3,63.12 1 0
godex/pkg/proxy/mapping.go:64.25,65.16 1 0
godex/pkg/proxy/mapping.go:66.25,67.32 1 0
godex/pkg/proxy/mapping.go:69.2,69.11 1 0
godex/pkg/proxy/mapping.go:72.125,77.29 4 1
godex/pkg/proxy/mapping.go:77.29,78.20 1 1
godex/pkg/proxy/mapping.go:79.24,80.25 1 0
godex/pkg/proxy/mapping.go:80.25,82.5 1 0
godex/pkg/proxy/mapping.go:83.4,84.93 2 0
godex/pkg/proxy/mapping.go:85.31,86.25 1 0
godex/pkg/proxy/mapping.go:86.25,88.5 1 0
godex/pkg/proxy/mapping.go:89.4,89.31 1 0
godex/pkg/proxy/mapping.go:89.31,90.21 1 0
godex/pkg/proxy/mapping.go:90.21,92.6 1 0
godex/pkg/proxy/mapping.go:93.5,94.12 2 0
godex/pkg/proxy/mapping.go:94.12,96.6 1 0
godex/pkg/proxy/mapping.go:97.5,98.34 2 0
godex/pkg/proxy/mapping.go:100.4,100.85 1 0
godex/pkg/proxy/mapping.go:101.11,103.44 2 1
godex/pkg/proxy/mapping.go:103.44,105.5 1 0
godex/pkg/proxy/mapping.go:106.4,107.47 2 1
godex/pkg/proxy/mapping.go:107.47,108.38 1 0
godex/pkg/proxy/mapping.go:108.38,110.6 1 0
godex/pkg/proxy/mapping.go:111.5,111.13 1 0
godex/pkg/proxy/mapping.go:113.4,113.51 1 1
godex/pkg/proxy/mapping.go:113.51,122.5 1 1
godex/pkg/proxy/mapping.go:126.2,126.54 1 1
godex/pkg/proxy/mapping.go:129.59,130.35 1 1
godex/pkg/proxy/mapping.go:130.35,132.3 1 1
godex/pkg/proxy/mapping.go:133.2,133.37 1 0
godex/pkg/proxy/mapping.go:133.37,135.3 1 0
godex/pkg/proxy/mapping.go:136.2,136.69 1 0
godex/pkg/proxy/mapping.go:139.55,140.21 1 0
godex/pkg/proxy/mapping.go:140.21,142.3 1 0
godex/pkg/proxy/mapping.go:143.2,144.29 2 0
godex/pkg/proxy/mapping.go:144.29,145.20 1 0
godex/pkg/proxy/mapping.go:146.19,147.28 1 0
godex/pkg/proxy/mapping.go:147.28,148.13 1 0
godex/pkg/proxy/mapping.go:150.4,156.6 1 0
godex/pkg/proxy/mapping.go:157.21,158.85 1 0
godex/pkg/proxy/mapping.go:161.2,161.12 1 0
godex/pkg/proxy/mapping.go:164.63,165.21 1 1
godex/pkg/proxy/mapping.go:165.21,167.3 1 1
godex/pkg/proxy/mapping.go:168.2,169.29 2 1
godex/pkg/proxy/mapping.go:169.29,170.20 1 1
godex/pkg/proxy/mapping.go:171.19,172.28 1 1
godex/pkg/proxy/mapping.go:172.28,173.13 1 0
godex/pkg/proxy/mapping.go:175.4,181.6 1 1
godex/pkg/proxy/mapping.go:182.21,183.85 1 0
godex/pkg/proxy/mapping.go:186.2,186.12 1 1
godex/pkg/proxy/mapping.go:189.93,190.19 1 1
godex/pkg/proxy/mapping.go:190.19,192.3 1 1
godex/pkg/proxy/mapping.go:193.2,193.28 1 0
godex/pkg/proxy/mapping.go:194.14,195.18 1 0
godex/pkg/proxy/mapping.go:196.22,197.51 1 0
godex/pkg/proxy/mapping.go:197.51,198.57 1 0
godex/pkg/proxy/mapping.go:198.57,200.5 1 0
godex/pkg/proxy/mapping.go:202.3,202.55 1 0
godex/pkg/proxy/mapping.go:202.55,204.4 1 0
godex/pkg/proxy/mapping.go:206.2,206.22 1 0
godex/pkg/proxy/mapping.go:209.84,210.35 1 0
godex/pkg/proxy/mapping.go:210.35,212.3 1 0
godex/pkg/proxy/mapping.go:213.2,214.29 2 0
godex/pkg/proxy/mapping.go:214.29,215.24 1 0
godex/pkg/proxy/mapping.go:215.24,217.4 1 0
godex/pkg/proxy/mapping.go:219.2,219.12 1 0
godex/pkg/proxy/paths.go:8.31,10.2 1 1
godex/pkg/proxy/paths.go:12.32,14.2 1 0
godex/pkg/proxy/paths.go:16.39,18.2 1 1
godex/pkg/proxy/paths.go:20.33,22.2 1 1
godex/pkg/proxy/paths.go:24.31,25.47 1 1
godex/pkg/proxy/paths.go:25.47,27.3 1 1
godex/pkg/proxy/paths.go:28.2,28.12 1 0
godex/pkg/proxy/payments_handlers.go:9.83,10.48 1 1
godex/pkg/proxy/payments_handlers.go:10.48,12.3 1 1
godex/pkg/proxy/payments_handlers.go:13.2,14.40 2 0
godex/pkg/proxy/payments_handlers.go:14.40,16.3 1 0
godex/pkg/proxy/payments_handlers.go:17.2,18.16 2 0
godex/pkg/proxy/payments_handlers.go:18.16,21.3 2 0
godex/pkg/proxy/payments_handlers.go:22.2,25.13 4 0
godex/pkg/proxy/payments_handlers.go:28.129,29.48 1 0
godex/pkg/proxy/payments_handlers.go:29.48,31.3 1 0
godex/pkg/proxy/payments_handlers.go:32.2,33.16 2 0
godex/pkg/proxy/payments_handlers.go:33.16,36.3 2 0
godex/pkg/proxy/payments_handlers.go:37.2,37.28 1 0
godex/pkg/proxy/payments_handlers.go:37.28,39.3 1 0
godex/pkg/proxy/payments_handlers.go:40.2,40.20 1 0
godex/pkg/proxy/payments_handlers.go:40.20,43.3 2 0
godex/pkg/proxy/payments_handlers.go:44.2,47.13 4 0
godex/pkg/proxy/payments_handlers.go:50.112,51.33 1 1
godex/pkg/proxy/payments_handlers.go:51.33,53.3 1 0
godex/pkg/proxy/payments_handlers.go:54.2,55.42 2 1
godex/pkg/proxy/payments_handlers.go:55.42,56.60 1 0
godex/pkg/proxy/payments_handlers.go:56.60,58.4 1 0
godex/pkg/proxy/payments_handlers.go:59.3,60.20 2 0
godex/pkg/proxy/payments_handlers.go:62.2,63.9 2 1
godex/pkg/proxy/payments_handlers.go:63.9,65.3 1 0
godex/pkg/proxy/payments_handlers.go:66.2,66.18 1 1
godex/pkg/proxy/pricing.go:7.72,8.48 1 0
godex/pkg/proxy/pricing.go:8.48,14.3 2 0
godex/pkg/proxy/pricing.go:15.2,16.16 2 0
godex/pkg/proxy/pricing.go:16.16,22.3 2 0
godex/pkg/proxy/pricing.go:23.2,25.22 3 0
godex/pkg/proxy/ratelimit.go:19.72,22.2 2 1
godex/pkg/proxy/ratelimit.go:24.36,31.19 7 1
godex/pkg/proxy/ratelimit.go:31.19,34.3 2 1
godex/pkg/proxy/ratelimit.go:35.2,35.14 1 0
godex/pkg/proxy/ratelimit.go:45.66,47.2 1 1
godex/pkg/proxy/ratelimit.go:49.77,51.16 2 1
godex/pkg/proxy/ratelimit.go:51.16,53.3 1 0
godex/pkg/proxy/ratelimit.go:54.2,54.20 1 1
godex/pkg/proxy/ratelimit.go:57.90,60.41 3 1
godex/pkg/proxy/ratelimit.go:60.41,62.3 1 1
godex/pkg/proxy/ratelimit.go:63.2,63.39 1 1
godex/pkg/proxy/ratelimit.go:63.39,65.3 1 1
godex/pkg/proxy/ratelimit.go:66.2,66.16 1 1
godex/pkg/proxy/ratelimit.go:66.16,68.3 1 1
godex/pkg/proxy/ratelimit.go:69.2,70.16 2 1
godex/pkg/proxy/ratelimit.go:70.16,72.3 1 0
godex/pkg/proxy/ratelimit.go:73.2,74.35 2 1
godex/pkg/proxy/ratelimit.go:74.35,76.3 1 1
godex/pkg/proxy/ratelimit.go:77.2,79.12 3 1
godex/pkg/proxy/ratelimit.go:82.72,84.16 2 1
godex/pkg/proxy/ratelimit.go:84.16,86.3 1 0
godex/pkg/proxy/ratelimit.go:87.2,88.21 2 1
godex/pkg/proxy/ratelimit.go:88.21,90.3 1 0
godex/pkg/proxy/ratelimit.go:91.2,92.16 2 1
godex/pkg/proxy/ratelimit.go:92.16,94.3 1 0
godex/pkg/proxy/ratelimit.go:95.2,97.14 3 1
godex/pkg/proxy/ratelimit.go:98.39,99.20 1 0
godex/pkg/proxy/ratelimit.go:100.39,101.20 1 1
godex/pkg/proxy/ratelimit.go:102.34,103.18 1 0
godex/pkg/proxy/ratelimit.go:104.10,105.47 1 0
godex/pkg/proxy/ratelimit.go:107.2,107.43 1 1
godex/pkg/proxy/ratelimit.go:110.37,111.11 1 1
godex/pkg/proxy/ratelimit.go:111.11,113.3 1 1
godex/pkg/proxy/ratelimit.go:114.2,114.10 1 1
godex/pkg/proxy/rotate.go:9.52,10.21 1 0
godex/pkg/proxy/rotate.go:10.21,12.3 1 0
godex/pkg/proxy/rotate.go:14.2,14.39 1 0
godex/pkg/proxy/rotate.go:14.39,17.42 3 0
godex/pkg/proxy/rotate.go:17.42,19.4 1 0
godex/pkg/proxy/rotate.go:22.2,22.41 1 0
godex/pkg/proxy/rotate.go:22.41,24.3 1 0
godex/pkg/proxy/rotate.go:26.2,28.12 3 0
godex/pkg/proxy/server.go:112.28,113.22 1 1
godex/pkg/proxy/server.go:113.22,115.3 1 0
godex/pkg/proxy/server.go:116.2,116.21 1 1
godex/pkg/proxy/server.go:116.21,118.3 1 1
godex/pkg/proxy/server.go:119.2,119.23 1 1
godex/pkg/proxy/server.go:119.23,121.3 1 1
godex/pkg/proxy/server.go:123.2,123.43 1 1
godex/pkg/proxy/server.go:123.43,125.3 1 1
godex/pkg/proxy/server.go:126.2,126.44 1 1
godex/pkg/proxy/server.go:126.44,128.3 1 1
godex/pkg/proxy/server.go:129.2,129.47 1 1
godex/pkg/proxy/server.go:129.47,131.3 1 1
godex/pkg/proxy/server.go:132.2,132.28 1 1
godex/pkg/proxy/server.go:132.28,134.3 1 1
godex/pkg/proxy/server.go:135.2,135.30 1 1
godex/pkg/proxy/server.go:135.30,137.3 1 1
godex/pkg/proxy/server.go:138.2,138.45 1 1
godex/pkg/proxy/server.go:138.45,140.3 1 1
godex/pkg/proxy/server.go:141.2,141.29 1 1
godex/pkg/proxy/server.go:141.29,143.3 1 1
godex/pkg/proxy/server.go:144.2,144.28 1 1
godex/pkg/proxy/server.go:144.28,146.3 1 1
godex/pkg/proxy/server.go:147.2,147.44 1 1
godex/pkg/proxy/server.go:147.44,149.3 1 1
godex/pkg/proxy/server.go:150.2,150.20 1 1
godex/pkg/proxy/server.go:150.20,152.3 1 1
godex/pkg/proxy/server.go:154.2,156.20 3 1
godex/pkg/proxy/server.go:156.20,158.17 2 0
godex/pkg/proxy/server.go:158.17,160.4 1 0
godex/pkg/proxy/server.go:162.2,163.16 2 1
godex/pkg/proxy/server.go:163.16,165.3 1 0
godex/pkg/proxy/server.go:167.2,168.22 2 1
godex/pkg/proxy/server.go:168.22,170.21 2 0
godex/pkg/proxy/server.go:170.21,172.4 1 0
godex/pkg/proxy/server.go:173.3,174.17 2 0
godex/pkg/proxy/server.go:174.17,176.4 1 0
godex/pkg/proxy/server.go:179.2,186.25 6 1
godex/pkg/proxy/server.go:186.25,187.32 1 0
godex/pkg/proxy/server.go:187.32,189.21 2 0
godex/pkg/proxy/server.go:189.21,191.5 1 0
godex/pkg/proxy/server.go:192.4,192.57 1 0
godex/pkg/proxy/server.go:194.8,194.28 1 1
godex/pkg/proxy/server.go:194.28,196.3 1 1
godex/pkg/proxy/server.go:199.2,204.29 2 1
godex/pkg/proxy/server.go:204.29,206.3 1 1
godex/pkg/proxy/server.go:207.2,207.31 1 1
godex/pkg/proxy/server.go:207.31,209.3 1 1
godex/pkg/proxy/server.go:210.2,210.30 1 1
godex/pkg/proxy/server.go:210.30,212.3 1 1
godex/pkg/proxy/server.go:213.2,216.32 2 1
godex/pkg/proxy/server.go:216.32,218.20 2 0
godex/pkg/proxy/server.go:218.20,220.4 1 0
godex/pkg/proxy/server.go:221.3,227.40 2 0
godex/pkg/proxy/server.go:231.2,231.36 1 1
godex/pkg/proxy/server.go:231.36,236.17 2 0
godex/pkg/proxy/server.go:236.17,238.4 1 0
godex/pkg/proxy/server.go:239.3,239.48 1 0
godex/pkg/proxy/server.go:242.2,271.46 10 1
godex/pkg/proxy/server.go:271.46,274.13 3 0
godex/pkg/proxy/server.go:274.13,277.4 2 0
godex/pkg/proxy/server.go:281.2,281.32 1 1
godex/pkg/proxy/server.go:284.68,286.2 1 0
godex/pkg/proxy/server.go:288.95,289.19 1 0
godex/pkg/proxy/server.go:289.19,291.3 1 0
godex/pkg/proxy/server.go:292.2,298.4 1 0
godex/pkg/proxy/server.go:301.71,304.9 3 0
godex/pkg/proxy/server.go:304.9,306.3 1 0
godex/pkg/proxy/server.go:307.2,307.45 1 0
godex/pkg/proxy/server.go:307.45,309.3 1 0
godex/pkg/proxy/server.go:312.2,313.21 2 0
godex/pkg/proxy/server.go:313.21,315.28 2 0
godex/pkg/proxy/server.go:315.28,321.4 1 0
godex/pkg/proxy/server.go:325.2,325.20 1 0
godex/pkg/proxy/server.go:325.20,326.30 1 0
godex/pkg/proxy/server.go:326.30,332.4 1 0
godex/pkg/proxy/server.go:336.2,336.20 1 0
godex/pkg/proxy/server.go:336.20,342.3 1 0
godex/pkg/proxy/server.go:344.2,349.39 3 0
godex/pkg/proxy/server.go:353.75,354.82 1 0
godex/pkg/proxy/server.go:354.82,356.3 1 0
godex/pkg/proxy/server.go:358.2,359.21 2 0
godex/pkg/proxy/server.go:359.21,362.3 2 0
godex/pkg/proxy/server.go:363.2,363.15 1 0
godex/pkg/proxy/server.go:367.74,370.9 3 0
godex/pkg/proxy/server.go:370.9,372.3 1 0
godex/pkg/proxy/server.go:373.2,373.45 1 0
godex/pkg/proxy/server.go:373.45,375.3 1 0
godex/pkg/proxy/server.go:378.2,379.19 2 0
godex/pkg/proxy/server.go:379.19,383.3 3 0
godex/pkg/proxy/server.go:386.2,387.21 2 0
godex/pkg/proxy/server.go:387.21,389.3 1 0
godex/pkg/proxy/server.go:392.2,393.27 2 0
godex/pkg/proxy/server.go:393.27,394.44 1 0
godex/pkg/proxy/server.go:394.44,402.23 2 0
godex/pkg/proxy/server.go:402.23,403.51 1 0
godex/pkg/proxy/server.go:403.51,405.6 1 0
godex/pkg/proxy/server.go:408.4,408.29 1 0
godex/pkg/proxy/server.go:408.29,410.5 1 0
godex/pkg/proxy/server.go:411.4,413.10 3 0
godex/pkg/proxy/server.go:418.2,418.21 1 0
godex/pkg/proxy/server.go:418.21,419.55 1 0
godex/pkg/proxy/server.go:419.55,426.29 2 0
godex/pkg/proxy/server.go:426.29,428.5 1 0
godex/pkg/proxy/server.go:429.4,431.10 3 0
godex/pkg/proxy/server.go:436.2,437.45 2 0
godex/pkg/proxy/server.go:450.64,451.17 1 1
godex/pkg/proxy/server.go:451.17,453.3 1 0
godex/pkg/proxy/server.go:455.2,455.21 1 1
godex/pkg/proxy/server.go:455.21,457.3 1 1
godex/pkg/proxy/server.go:458.2,458.34 1 1
godex/pkg/proxy/server.go:458.34,460.3 1 0
godex/pkg/proxy/server.go:462.2,462.58 1 1
godex/pkg/proxy/server.go:462.58,464.3 1 1
godex/pkg/proxy/server.go:466.2,466.24 1 0
godex/pkg/proxy/server.go:466.24,468.3 1 0
godex/pkg/proxy/server.go:469.2,469.28 1 0
godex/pkg/proxy/server.go:474.64,475.21 1 1
godex/pkg/proxy/server.go:475.21,477.3 1 0
godex/pkg/proxy/server.go:479.2,480.35 2 1
godex/pkg/proxy/server.go:483.74,486.42 3 0
godex/pkg/proxy/server.go:486.42,490.3 3 0
godex/pkg/proxy/server.go:491.2,492.9 2 0
godex/pkg/proxy/server.go:492.9,496.3 3 0
godex/pkg/proxy/server.go:497.2,499.9 3 0
godex/pkg/proxy/server.go:499.9,501.3 1 0
godex/pkg/proxy/server.go:502.2,502.50 1 0
godex/pkg/proxy/server.go:502.50,503.25 1 0
godex/pkg/proxy/server.go:503.25,505.4 1 0
godex/pkg/proxy/server.go:506.3,506.9 1 0
godex/pkg/proxy/server.go:509.2,511.16 3 0
godex/pkg/proxy/server.go:511.16,515.3 3 0
godex/pkg/proxy/server.go:516.2,517.16 2 0
godex/pkg/proxy/server.go:517.16,521.3 3 0
godex/pkg/proxy/server.go:522.2,529.23 6 0
godex/pkg/proxy/server.go:529.23,531.3 1 0
godex/pkg/proxy/server.go:533.2,547.13 3 0
godex/pkg/proxy/server.go:547.13,549.17 2 0
godex/pkg/proxy/server.go:549.17,553.4 3 0
godex/pkg/proxy/server.go:554.3,559.9 6 0
godex/pkg/proxy/server.go:562.2,566.9 5 0
godex/pkg/proxy/server.go:566.9,570.3 3 0
godex/pkg/proxy/server.go:572.2,576.75 4 0
godex/pkg/proxy/server.go:576.75,578.65 2 0
godex/pkg/proxy/server.go:578.65,580.4 1 0
godex/pkg/proxy/server.go:581.3,581.76 1 0
godex/pkg/proxy/server.go:581.76,582.75 1 0
godex/pkg/proxy/server.go:582.75,584.5 1 0
godex/pkg/proxy/server.go:586.3,586.54 1 0
godex/pkg/proxy/server.go:586.54,588.4 1 0
godex/pkg/proxy/server.go:589.3,589.13 1 0
godex/pkg/proxy/server.go:591.2,591.16 1 0
godex/pkg/proxy/server.go:591.16,595.3 3 0
godex/pkg/proxy/server.go:597.2,598.38 2 0
godex/pkg/proxy/server.go:598.38,600.3 1 0
godex/pkg/proxy/server.go:601.2,605.39 5 0
godex/pkg/proxy/server.go:608.89,610.42 2 1
godex/pkg/proxy/server.go:610.42,611.24 1 1
godex/pkg/proxy/server.go:611.24,613.4 1 1
godex/pkg/proxy/server.go:614.3,615.20 2 1
godex/pkg/proxy/server.go:617.2,618.23 2 1
godex/pkg/proxy/server.go:618.23,620.3 1 1
godex/pkg/proxy/server.go:622.2,622.19 1 0
godex/pkg/proxy/server.go:622.19,625.3 2 0
godex/pkg/proxy/server.go:626.2,627.9 2 0
godex/pkg/proxy/server.go:627.9,630.3 2 0
godex/pkg/proxy/server.go:631.2,631.19 1 0
godex/pkg/proxy/server.go:634.66,635.35 1 1
godex/pkg/proxy/server.go:635.35,637.3 1 0
godex/pkg/proxy/server.go:638.2,638.81 1 1
godex/pkg/proxy/server.go:638.81,640.3 1 0
godex/pkg/proxy/server.go:641.2,642.30 2 1
godex/pkg/proxy/server.go:642.30,644.3 1 1
godex/pkg/proxy/server.go:645.2,645.20 1 0
godex/pkg/proxy/server.go:648.78,649.43 1 1
godex/pkg/proxy/server.go:649.43,650.60 1 1
godex/pkg/proxy/server.go:650.60,652.4 1 0
godex/pkg/proxy/server.go:653.3,653.31 1 1
godex/pkg/proxy/server.go:655.2,656.21 2 0
godex/pkg/proxy/server.go:659.100,666.42 2 0
godex/pkg/proxy/server.go:666.42,675.3 1 0
godex/pkg/proxy/server.go:676.2,676.40 1 0
godex/pkg/proxy/server.go:676.40,683.3 1 0
godex/pkg/proxy/server.go:684.2,684.13 1 0
godex/pkg/proxy/server.go:687.74,689.40 2 0
godex/pkg/proxy/server.go:689.40,691.3 1 0
godex/pkg/proxy/server.go:692.2,692.14 1 0
godex/pkg/proxy/server.go:695.47,698.16 3 1
godex/pkg/proxy/server.go:698.16,700.3 1 0
godex/pkg/proxy/server.go:701.2,701.20 1 1
godex/pkg/proxy/server.go:701.20,703.3 1 0
godex/pkg/proxy/server.go:704.2,704.34 1 1
godex/pkg/proxy/server.go:707.61,712.2 4 1
godex/pkg/proxy/server.go:714.63,715.16 1 1
godex/pkg/proxy/server.go:715.16,718.3 2 0
godex/pkg/proxy/server.go:719.2,724.4 1 1
godex/pkg/proxy/server.go:727.69,729.29 2 1
godex/pkg/proxy/server.go:730.23,731.11 1 0
godex/pkg/proxy/server.go:732.10,734.17 2 1
godex/pkg/proxy/server.go:734.17,736.4 1 0
godex/pkg/proxy/server.go:737.3,737.13 1 1
godex/pkg/proxy/server.go:739.2,739.53 1 1
godex/pkg/proxy/server.go:739.53,741.3 1 0
godex/pkg/proxy/server.go:742.2,742.41 1 1
godex/pkg/proxy/server.go:742.41,744.3 1 0
godex/pkg/proxy/server.go:745.2,745.51 1 1
godex/pkg/proxy/server.go:745.51,747.3 1 0
godex/pkg/proxy/server.go:748.2,749.12 2 1
godex/pkg/proxy/server.go:752.42,753.18 1 1
godex/pkg/proxy/server.go:753.18,755.3 1 0
godex/pkg/proxy/server.go:756.2,756.60 1 1
godex/pkg/proxy/server.go:759.33,760.14 1 0
godex/pkg/proxy/server.go:760.14,762.3 1 0
godex/pkg/proxy/server.go:763.2,763.11 1 0
godex/pkg/proxy/server.go:766.35,768.2 1 1
godex/pkg/proxy/server.go:770.62,772.12 2 0
godex/pkg/proxy/server.go:772.12,775.3 2 0
godex/pkg/proxy/server.go:776.2,776.32 1 0
godex/pkg/proxy/server.go:779.71,783.2 3 1
godex/pkg/proxy/server.go:785.75,786.43 1 1
godex/pkg/proxy/server.go:786.43,788.3 1 1
godex/pkg/proxy/server.go:789.2,790.132 2 0
godex/pkg/proxy/usage.go:39.179,52.16 2 1
godex/pkg/proxy/usage.go:52.16,54.3 1 0
godex/pkg/proxy/usage.go:55.2,55.14 1 1
godex/pkg/proxy/usage.go:58.44,61.37 3 1
godex/pkg/proxy/usage.go:61.37,64.17 3 0
godex/pkg/proxy/usage.go:64.17,68.4 3 0
godex/pkg/proxy/usage.go:70.2,71.28 2 1
godex/pkg/proxy/usage.go:71.28,74.3 2 0
godex/pkg/proxy/usage.go:75.2,75.24 1 1
godex/pkg/proxy/usage.go:75.24,77.3 1 1
godex/pkg/proxy/usage.go:78.2,78.28 1 1
godex/pkg/proxy/usage.go:78.28,80.3 1 1
godex/pkg/proxy/usage.go:81.2,81.26 1 1
godex/pkg/proxy/usage.go:84.45,85.21 1 0
godex/pkg/proxy/usage.go:85.21,87.3 1 0
godex/pkg/proxy/usage.go:88.2,89.16 2 0
godex/pkg/proxy/usage.go:89.16,91.3 1 0
godex/pkg/proxy/usage.go:92.2,92.30 1 0
godex/pkg/proxy/usage.go:92.30,94.3 1 0
godex/pkg/proxy/usage.go:95.2,95.41 1 0
godex/pkg/proxy/usage.go:98.52,103.2 4 0
godex/pkg/proxy/usage.go:105.45,109.37 4 0
godex/pkg/proxy/usage.go:109.37,111.3 1 0
godex/pkg/proxy/usage.go:112.2,114.16 3 0
godex/pkg/proxy/usage.go:114.16,116.3 1 0
godex/pkg/proxy/usage.go:117.2,119.120 3 0
godex/pkg/proxy/usage.go:122.43,123.37 1 1
godex/pkg/proxy/usage.go:123.37,125.3 1 1
godex/pkg/proxy/usage.go:126.2,127.16 2 0
godex/pkg/proxy/usage.go:127.16,129.3 1 0
godex/pkg/proxy/usage.go:130.2,134.18 5 0
godex/pkg/proxy/usage.go:134.18,136.3 1 0
godex/pkg/proxy/usage.go:137.2,137.28 1 0
godex/pkg/proxy/usage.go:137.28,138.29 1 0
godex/pkg/proxy/usage.go:138.29,140.12 2 0
godex/pkg/proxy/usage.go:142.3,143.47 2 0
godex/pkg/proxy/usage.go:143.47,145.4 1 0
godex/pkg/proxy/usage.go:147.2,147.33 1 0
godex/pkg/proxy/usage.go:150.58,151.19 1 1
godex/pkg/proxy/usage.go:151.19,153.3 1 1
godex/pkg/proxy/usage.go:154.2,154.28 1 0
godex/pkg/proxy/usage.go:154.28,157.3 2 0
godex/pkg/proxy/usage.go:158.2,158.40 1 0
godex/pkg/proxy/usage.go:158.40,159.29 1 0
godex/pkg/proxy/usage.go:159.29,161.4 1 0
godex/pkg/proxy/usage.go:162.3,165.27 4 0
godex/pkg/proxy/usage.go:169.83,174.2 4 0
godex/pkg/proxy/usage.go:176.95,177.43 1 0
godex/pkg/proxy/usage.go:177.43,179.3 1 0
godex/pkg/proxy/usage.go:180.2,182.16 3 0
godex/pkg/proxy/usage.go:182.16,184.3 1 0
godex/pkg/proxy/usage.go:185.2,192.4 3 0
godex/pkg/proxy/usage.go:195.51,196.27 1 0
godex/pkg/proxy/usage.go:196.27,198.3 1 0
godex/pkg/proxy/usage.go:199.2,200.16 2 0
godex/pkg/proxy/usage.go:200.16,202.3 1 0
godex/pkg/proxy/usage.go:203.2,203.36 1 0
godex/pkg/proxy/usage.go:203.36,205.3 1 0
godex/pkg/proxy/usage.go:206.2,206.50 1 0
godex/pkg/proxy/usage.go:209.51,210.44 1 1
godex/pkg/proxy/usage.go:210.44,212.3 1 1
godex/pkg/proxy/usage.go:213.2,215.35 3 0
godex/pkg/proxy/usage.go:215.35,217.46 2 0
godex/pkg/proxy/usage.go:217.46,219.4 1 0
godex/pkg/proxy/usage.go:220.3,220.20 1 0
godex/pkg/proxy/usage.go:222.2,224.16 3 0
godex/pkg/proxy/usage.go:224.16,226.3 1 0
godex/pkg/proxy/usage.go:227.2,227.48 1 0
godex/pkg/proxy/usage.go:230.42,231.44 1 1
godex/pkg/proxy/usage.go:231.44,233.3 1 0
godex/pkg/proxy/usage.go:234.2,235.16 2 1
godex/pkg/proxy/usage.go:235.16,236.25 1 0
godex/pkg/proxy/usage.go:236.25,238.4 1 0
godex/pkg/proxy/usage.go:239.3,239.13 1 0
godex/pkg/proxy/usage.go:241.2,247.54 2 1
godex/pkg/proxy/usage.go:247.54,249.3 1 0
godex/pkg/proxy/usage.go:250.2,254.41 5 1
godex/pkg/proxy/usage.go:254.41,256.27 2 1
godex/pkg/proxy/usage.go:256.27,257.71 1 1
godex/pkg/proxy/usage.go:257.71,259.5 1 1
godex/pkg/proxy/usage.go:262.2,262.12 1 1
godex/pkg/proxy/usage.go:273.90,274.35 1 0
godex/pkg/proxy/usage.go:274.35,276.3 1 0
godex/pkg/proxy/usage.go:277.2,278.16 2 0
godex/pkg/proxy/usage.go:278.16,280.3 1 0
godex/pkg/proxy/usage.go:281.2,284.15 3 0
godex/pkg/proxy/usage.go:284.15,286.3 1 0
godex/pkg/proxy/usage.go:287.2,289.21 3 0
godex/pkg/proxy/usage.go:289.21,291.62 2 0
godex/pkg/proxy/usage.go:291.62,292.12 1 0
godex/pkg/proxy/usage.go:294.3,294.54 1 0
godex/pkg/proxy/usage.go:294.54,295.12 1 0
godex/pkg/proxy/usage.go:297.3,297.47 1 0
godex/pkg/proxy/usage.go:297.47,298.12 1 0
godex/pkg/proxy/usage.go:300.3,300.24 1 0
godex/pkg/proxy/usage.go:302.2,302.27 1 0
godex/pkg/proxy/usage.go:305.57,307.28 2 0
godex/pkg/proxy/usage.go:307.28,313.37 6 0
godex/pkg/proxy/usage.go:313.37,315.4 1 0
godex/pkg/proxy/usage.go:316.3,316.18 1 0
godex/pkg/proxy/usage.go:318.2,319.22 2 0
godex/pkg/proxy/usage.go:319.22,321.3 1 0
godex/pkg/proxy/usage.go:322.2,322.12 1 0
godex/pkg/proxy/usage_helpers.go:10.102,11.16 1 1
godex/pkg/proxy/usage_helpers.go:11.16,14.3 2 0
godex/pkg/proxy/usage_helpers.go:15.2,15.52 1 1
godex/pkg/proxy/usage_helpers.go:15.52,19.3 3 0
godex/pkg/proxy/usage_helpers.go:20.2,20.43 1 1
godex/pkg/proxy/usage_helpers.go:20.43,21.58 1 0
godex/pkg/proxy/usage_helpers.go:21.58,25.4 3 0
godex/pkg/proxy/usage_helpers.go:27.2,27.28 1 1
godex/pkg/proxy/usage_helpers.go:27.28,29.17 2 0
godex/pkg/proxy/usage_helpers.go:29.17,31.4 1 0
godex/pkg/proxy/usage_helpers.go:32.3,32.28 1 0
godex/pkg/proxy/usage_helpers.go:32.28,34.4 1 0
godex/pkg/proxy/usage_helpers.go:36.2,36.17 1 1
godex/pkg/proxy/usage_helpers.go:39.98,40.34 1 1
godex/pkg/proxy/usage_helpers.go:40.34,42.3 1 0
godex/pkg/proxy/usage_helpers.go:43.2,45.18 3 1
godex/pkg/proxy/usage_helpers.go:45.18,48.3 2 1
godex/pkg/proxy/usage_helpers.go:49.2,50.38 2 1
godex/pkg/proxy/usage_helpers.go:50.39,53.3 0 0
godex/pkg/proxy/usage_helpers.go:54.2,54.32 1 1
godex/pkg/proxy/usage_helpers.go:54.32,56.3 1 0
godex/pkg/proxy/usage_helpers.go:57.2,66.4 1 1
godex/pkg/proxy/usage_helpers.go:69.29,71.2 1 0
godex/pkg/proxy/usage_helpers.go:73.31,75.2 1 0
godex/pkg/proxy/usage_helpers.go:77.30,79.2 1 0
godex/pkg/proxy/usage_helpers.go:85.37,85.57 1 0
